<?xml version="1.0" encoding="UTF-8"?>
<coverage generated="1741730439475" clover="3.2.0">
  <project timestamp="1741730439476" name="All files">
    <metrics statements="278" coveredstatements="133" conditionals="227" coveredconditionals="84" methods="67" coveredmethods="28" elements="572" coveredelements="245" complexity="0" loc="278" ncloc="278" packages="7" files="27" classes="27"/>
    <package name="app.(auth)">
      <metrics statements="30" coveredstatements="27" conditionals="21" coveredconditionals="20" methods="5" coveredmethods="4"/>
      <file name="login.tsx" path="/Users/rominkumarakoliya/Desktop/ChemTrack/frontend/app/(auth)/login.tsx">
        <metrics statements="30" coveredstatements="27" conditionals="21" coveredconditionals="20" methods="5" coveredmethods="4"/>
        <line num="14" count="10" type="stmt"/>
        <line num="15" count="10" type="stmt"/>
        <line num="16" count="10" type="stmt"/>
        <line num="17" count="10" type="stmt"/>
        <line num="19" count="10" type="stmt"/>
        <line num="20" count="10" type="stmt"/>
        <line num="22" count="10" type="stmt"/>
        <line num="24" count="10" type="stmt"/>
        <line num="25" count="3" type="cond" truecount="5" falsecount="0"/>
        <line num="26" count="1" type="stmt"/>
        <line num="27" count="1" type="stmt"/>
        <line num="30" count="2" type="stmt"/>
        <line num="32" count="2" type="stmt"/>
        <line num="34" count="2" type="stmt"/>
        <line num="43" count="2" type="cond" truecount="2" falsecount="0"/>
        <line num="44" count="1" type="stmt"/>
        <line num="45" count="1" type="cond" truecount="1" falsecount="1"/>
        <line num="46" count="1" type="stmt"/>
        <line num="50" count="1" type="stmt"/>
        <line num="51" count="1" type="stmt"/>
        <line num="54" count="1" type="stmt"/>
        <line num="66" count="1" type="stmt"/>
        <line num="69" count="1" type="stmt"/>
        <line num="73" count="0" type="stmt"/>
        <line num="74" count="0" type="stmt"/>
        <line num="79" count="10" type="stmt"/>
        <line num="99" count="2" type="stmt"/>
        <line num="113" count="2" type="stmt"/>
        <line num="133" count="0" type="stmt"/>
        <line num="143" count="1" type="stmt"/>
      </file>
    </package>
    <package name="app.(tabs)">
      <metrics statements="122" coveredstatements="39" conditionals="93" coveredconditionals="18" methods="21" coveredmethods="2"/>
      <file name="editChemical.tsx" path="/Users/rominkumarakoliya/Desktop/ChemTrack/frontend/app/(tabs)/editChemical.tsx">
        <metrics statements="117" coveredstatements="36" conditionals="93" coveredconditionals="18" methods="18" coveredmethods="1"/>
        <line num="23" count="34" type="stmt"/>
        <line num="24" count="32" type="stmt"/>
        <line num="25" count="32" type="stmt"/>
        <line num="26" count="32" type="stmt"/>
        <line num="27" count="32" type="stmt"/>
        <line num="28" count="32" type="stmt"/>
        <line num="29" count="32" type="stmt"/>
        <line num="30" count="32" type="stmt"/>
        <line num="31" count="32" type="stmt"/>
        <line num="32" count="32" type="stmt"/>
        <line num="33" count="32" type="stmt"/>
        <line num="34" count="32" type="stmt"/>
        <line num="35" count="32" type="stmt"/>
        <line num="36" count="32" type="stmt"/>
        <line num="38" count="32" type="stmt"/>
        <line num="39" count="32" type="stmt"/>
        <line num="40" count="16" type="cond" truecount="1" falsecount="1"/>
        <line num="41" count="16" type="stmt"/>
        <line num="43" count="16" type="stmt"/>
        <line num="45" count="16" type="stmt"/>
        <line num="52" count="16" type="stmt"/>
        <line num="60" count="16" type="stmt"/>
        <line num="61" count="0" type="cond" truecount="0" falsecount="5"/>
        <line num="62" count="0" type="stmt"/>
        <line num="64" count="0" type="stmt"/>
        <line num="70" count="0" type="cond" truecount="0" falsecount="2"/>
        <line num="72" count="0" type="stmt"/>
        <line num="73" count="0" type="stmt"/>
        <line num="74" count="0" type="stmt"/>
        <line num="75" count="0" type="stmt"/>
        <line num="76" count="0" type="stmt"/>
        <line num="77" count="0" type="stmt"/>
        <line num="78" count="0" type="stmt"/>
        <line num="80" count="0" type="stmt"/>
        <line num="81" count="0" type="stmt"/>
        <line num="84" count="0" type="stmt"/>
        <line num="89" count="16" type="stmt"/>
        <line num="91" count="16" type="stmt"/>
        <line num="92" count="0" type="cond" truecount="0" falsecount="6"/>
        <line num="93" count="0" type="stmt"/>
        <line num="95" count="0" type="cond" truecount="0" falsecount="2"/>
        <line num="96" count="0" type="stmt"/>
        <line num="102" count="16" type="stmt"/>
        <line num="103" count="0" type="stmt"/>
        <line num="104" count="0" type="stmt"/>
        <line num="105" count="0" type="stmt"/>
        <line num="106" count="0" type="stmt"/>
        <line num="108" count="0" type="cond" truecount="0" falsecount="2"/>
        <line num="109" count="0" type="stmt"/>
        <line num="110" count="0" type="cond" truecount="0" falsecount="2"/>
        <line num="111" count="0" type="cond" truecount="0" falsecount="2"/>
        <line num="112" count="0" type="cond" truecount="0" falsecount="2"/>
        <line num="113" count="0" type="cond" truecount="0" falsecount="2"/>
        <line num="114" count="0" type="cond" truecount="0" falsecount="2"/>
        <line num="115" count="0" type="cond" truecount="0" falsecount="2"/>
        <line num="116" count="0" type="cond" truecount="0" falsecount="2"/>
        <line num="117" count="0" type="cond" truecount="0" falsecount="2"/>
        <line num="118" count="0" type="cond" truecount="0" falsecount="2"/>
        <line num="119" count="0" type="stmt"/>
        <line num="128" count="0" type="cond" truecount="0" falsecount="2"/>
        <line num="129" count="0" type="cond" truecount="0" falsecount="2"/>
        <line num="130" count="0" type="stmt"/>
        <line num="132" count="0" type="stmt"/>
        <line num="133" count="0" type="stmt"/>
        <line num="136" count="0" type="stmt"/>
        <line num="137" count="0" type="stmt"/>
        <line num="141" count="16" type="stmt"/>
        <line num="142" count="0" type="stmt"/>
        <line num="146" count="16" type="stmt"/>
        <line num="147" count="16" type="stmt"/>
        <line num="148" count="16" type="stmt"/>
        <line num="149" count="16" type="stmt"/>
        <line num="151" count="16" type="stmt"/>
        <line num="152" count="0" type="stmt"/>
        <line num="153" count="0" type="stmt"/>
        <line num="154" count="0" type="stmt"/>
        <line num="156" count="0" type="cond" truecount="0" falsecount="4"/>
        <line num="160" count="16" type="stmt"/>
        <line num="161" count="0" type="cond" truecount="0" falsecount="6"/>
        <line num="162" count="0" type="stmt"/>
        <line num="163" count="0" type="cond" truecount="0" falsecount="2"/>
        <line num="165" count="0" type="stmt"/>
        <line num="178" count="0" type="stmt"/>
        <line num="179" count="0" type="stmt"/>
        <line num="190" count="0" type="stmt"/>
        <line num="192" count="0" type="cond" truecount="0" falsecount="2"/>
        <line num="193" count="0" type="stmt"/>
        <line num="194" count="0" type="stmt"/>
        <line num="195" count="0" type="stmt"/>
        <line num="196" count="0" type="stmt"/>
        <line num="198" count="0" type="stmt"/>
        <line num="199" count="0" type="stmt"/>
        <line num="202" count="0" type="stmt"/>
        <line num="203" count="0" type="stmt"/>
        <line num="206" count="0" type="stmt"/>
        <line num="210" count="16" type="stmt"/>
        <line num="211" count="0" type="stmt"/>
        <line num="212" count="0" type="stmt"/>
        <line num="213" count="0" type="stmt"/>
        <line num="214" count="0" type="stmt"/>
        <line num="215" count="0" type="stmt"/>
        <line num="216" count="0" type="stmt"/>
        <line num="217" count="0" type="stmt"/>
        <line num="218" count="0" type="stmt"/>
        <line num="219" count="0" type="stmt"/>
        <line num="220" count="0" type="stmt"/>
        <line num="221" count="0" type="stmt"/>
        <line num="222" count="0" type="stmt"/>
        <line num="225" count="16" type="stmt"/>
        <line num="226" count="0" type="stmt"/>
        <line num="229" count="16" type="stmt"/>
        <line num="237" count="0" type="stmt"/>
        <line num="261" count="0" type="stmt"/>
        <line num="280" count="0" type="stmt"/>
        <line num="281" count="0" type="stmt"/>
        <line num="282" count="0" type="stmt"/>
        <line num="333" count="2" type="stmt"/>
      </file>
      <file name="errorPage.tsx" path="/Users/rominkumarakoliya/Desktop/ChemTrack/frontend/app/(tabs)/errorPage.tsx">
        <metrics statements="5" coveredstatements="3" conditionals="0" coveredconditionals="0" methods="3" coveredmethods="1"/>
        <line num="11" count="3" type="stmt"/>
        <line num="13" count="3" type="stmt"/>
        <line num="15" count="0" type="stmt"/>
        <line num="21" count="0" type="stmt"/>
        <line num="31" count="2" type="stmt"/>
      </file>
    </package>
    <package name="assets.icons">
      <metrics statements="16" coveredstatements="15" conditionals="24" coveredconditionals="4" methods="8" coveredmethods="7"/>
      <file name="CalendarIcon.tsx" path="/Users/rominkumarakoliya/Desktop/ChemTrack/frontend/assets/icons/CalendarIcon.tsx">
        <metrics statements="2" coveredstatements="2" conditionals="3" coveredconditionals="2" methods="1" coveredmethods="1"/>
        <line num="5" count="2" type="cond" truecount="2" falsecount="1"/>
        <line num="7" count="28" type="stmt"/>
      </file>
      <file name="HomeIcon.tsx" path="/Users/rominkumarakoliya/Desktop/ChemTrack/frontend/assets/icons/HomeIcon.tsx">
        <metrics statements="2" coveredstatements="2" conditionals="3" coveredconditionals="0" methods="1" coveredmethods="1"/>
        <line num="4" count="2" type="cond" truecount="0" falsecount="3"/>
        <line num="5" count="2" type="stmt"/>
      </file>
      <file name="LoginIcon.tsx" path="/Users/rominkumarakoliya/Desktop/ChemTrack/frontend/assets/icons/LoginIcon.tsx">
        <metrics statements="2" coveredstatements="2" conditionals="3" coveredconditionals="0" methods="1" coveredmethods="1"/>
        <line num="6" count="1" type="cond" truecount="0" falsecount="3"/>
        <line num="7" count="10" type="stmt"/>
      </file>
      <file name="PencilIcon.tsx" path="/Users/rominkumarakoliya/Desktop/ChemTrack/frontend/assets/icons/PencilIcon.tsx">
        <metrics statements="2" coveredstatements="2" conditionals="3" coveredconditionals="0" methods="1" coveredmethods="1"/>
        <line num="4" count="3" type="cond" truecount="0" falsecount="3"/>
        <line num="5" count="20" type="stmt"/>
      </file>
      <file name="ResetIcon.tsx" path="/Users/rominkumarakoliya/Desktop/ChemTrack/frontend/assets/icons/ResetIcon.tsx">
        <metrics statements="2" coveredstatements="1" conditionals="3" coveredconditionals="0" methods="1" coveredmethods="0"/>
        <line num="4" count="2" type="cond" truecount="0" falsecount="3"/>
        <line num="5" count="0" type="stmt"/>
      </file>
      <file name="ReturnIcon.tsx" path="/Users/rominkumarakoliya/Desktop/ChemTrack/frontend/assets/icons/ReturnIcon.tsx">
        <metrics statements="2" coveredstatements="2" conditionals="3" coveredconditionals="1" methods="1" coveredmethods="1"/>
        <line num="4" count="2" type="cond" truecount="1" falsecount="2"/>
        <line num="5" count="14" type="stmt"/>
      </file>
      <file name="SaveIcon.tsx" path="/Users/rominkumarakoliya/Desktop/ChemTrack/frontend/assets/icons/SaveIcon.tsx">
        <metrics statements="2" coveredstatements="2" conditionals="3" coveredconditionals="0" methods="1" coveredmethods="1"/>
        <line num="6" count="2" type="cond" truecount="0" falsecount="3"/>
        <line num="8" count="14" type="stmt"/>
      </file>
      <file name="UploadIcon.tsx" path="/Users/rominkumarakoliya/Desktop/ChemTrack/frontend/assets/icons/UploadIcon.tsx">
        <metrics statements="2" coveredstatements="2" conditionals="3" coveredconditionals="1" methods="1" coveredmethods="1"/>
        <line num="4" count="2" type="cond" truecount="1" falsecount="2"/>
        <line num="5" count="14" type="stmt"/>
      </file>
    </package>
    <package name="components">
      <metrics statements="24" coveredstatements="20" conditionals="31" coveredconditionals="22" methods="7" coveredmethods="6"/>
      <file name="BlueHeader.tsx" path="/Users/rominkumarakoliya/Desktop/ChemTrack/frontend/components/BlueHeader.tsx">
        <metrics statements="3" coveredstatements="3" conditionals="0" coveredconditionals="0" methods="1" coveredmethods="1"/>
        <line num="16" count="16" type="stmt"/>
        <line num="18" count="16" type="stmt"/>
        <line num="30" count="2" type="stmt"/>
      </file>
      <file name="CustomButton.tsx" path="/Users/rominkumarakoliya/Desktop/ChemTrack/frontend/components/CustomButton.tsx">
        <metrics statements="3" coveredstatements="3" conditionals="24" coveredconditionals="18" methods="1" coveredmethods="1"/>
        <line num="32" count="54" type="cond" truecount="1" falsecount="1"/>
        <line num="34" count="54" type="stmt"/>
        <line num="67" count="3" type="stmt"/>
      </file>
      <file name="StyledText.tsx" path="/Users/rominkumarakoliya/Desktop/ChemTrack/frontend/components/StyledText.tsx">
        <metrics statements="1" coveredstatements="1" conditionals="0" coveredconditionals="0" methods="1" coveredmethods="1"/>
        <line num="4" count="1" type="stmt"/>
      </file>
      <file name="TextInter.tsx" path="/Users/rominkumarakoliya/Desktop/ChemTrack/frontend/components/TextInter.tsx">
        <metrics statements="6" coveredstatements="6" conditionals="3" coveredconditionals="2" methods="1" coveredmethods="1"/>
        <line num="11" count="3" type="cond" truecount="0" falsecount="1"/>
        <line num="21" count="398" type="stmt"/>
        <line num="45" count="398" type="stmt"/>
        <line num="46" count="398" type="stmt"/>
        <line num="47" count="398" type="cond" truecount="2" falsecount="0"/>
        <line num="49" count="398" type="stmt"/>
      </file>
      <file name="Themed.tsx" path="/Users/rominkumarakoliya/Desktop/ChemTrack/frontend/components/Themed.tsx">
        <metrics statements="11" coveredstatements="7" conditionals="4" coveredconditionals="2" methods="3" coveredmethods="2"/>
        <line num="23" count="1" type="cond" truecount="1" falsecount="1"/>
        <line num="24" count="1" type="stmt"/>
        <line num="26" count="1" type="cond" truecount="1" falsecount="1"/>
        <line num="27" count="0" type="stmt"/>
        <line num="29" count="1" type="stmt"/>
        <line num="34" count="1" type="stmt"/>
        <line num="35" count="1" type="stmt"/>
        <line num="37" count="1" type="stmt"/>
        <line num="41" count="0" type="stmt"/>
        <line num="42" count="0" type="stmt"/>
        <line num="44" count="0" type="stmt"/>
      </file>
      <file name="useColorScheme.ts" path="/Users/rominkumarakoliya/Desktop/ChemTrack/frontend/components/useColorScheme.ts">
        <metrics statements="0" coveredstatements="0" conditionals="0" coveredconditionals="0" methods="0" coveredmethods="0"/>
      </file>
    </package>
    <package name="components.inputFields">
      <metrics statements="55" coveredstatements="17" conditionals="54" coveredconditionals="18" methods="20" coveredmethods="5"/>
      <file name="CasTextBoxes.tsx" path="/Users/rominkumarakoliya/Desktop/ChemTrack/frontend/components/inputFields/CasTextBoxes.tsx">
        <metrics statements="23" coveredstatements="1" conditionals="13" coveredconditionals="0" methods="9" coveredmethods="0"/>
        <line num="16" count="0" type="stmt"/>
        <line num="23" count="0" type="stmt"/>
        <line num="24" count="0" type="stmt"/>
        <line num="30" count="0" type="stmt"/>
        <line num="31" count="0" type="stmt"/>
        <line num="32" count="0" type="stmt"/>
        <line num="33" count="0" type="stmt"/>
        <line num="35" count="0" type="cond" truecount="0" falsecount="4"/>
        <line num="36" count="0" type="stmt"/>
        <line num="41" count="0" type="stmt"/>
        <line num="42" count="0" type="cond" truecount="0" falsecount="5"/>
        <line num="43" count="0" type="stmt"/>
        <line num="48" count="0" type="stmt"/>
        <line num="49" count="0" type="cond" truecount="0" falsecount="2"/>
        <line num="50" count="0" type="stmt"/>
        <line num="52" count="0" type="stmt"/>
        <line num="57" count="0" type="stmt"/>
        <line num="58" count="0" type="stmt"/>
        <line num="60" count="0" type="stmt"/>
        <line num="65" count="0" type="stmt"/>
        <line num="71" count="0" type="stmt"/>
        <line num="75" count="0" type="stmt"/>
        <line num="86" count="1" type="stmt"/>
      </file>
      <file name="CustomTextBox.tsx" path="/Users/rominkumarakoliya/Desktop/ChemTrack/frontend/components/inputFields/CustomTextBox.tsx">
        <metrics statements="3" coveredstatements="3" conditionals="8" coveredconditionals="6" methods="1" coveredmethods="1"/>
        <line num="16" count="3" type="stmt"/>
        <line num="18" count="48" type="stmt"/>
        <line num="42" count="3" type="stmt"/>
      </file>
      <file name="CustomTextHeader.tsx" path="/Users/rominkumarakoliya/Desktop/ChemTrack/frontend/components/inputFields/CustomTextHeader.tsx">
        <metrics statements="2" coveredstatements="2" conditionals="0" coveredconditionals="0" methods="1" coveredmethods="1"/>
        <line num="10" count="176" type="stmt"/>
        <line num="15" count="3" type="stmt"/>
      </file>
      <file name="DateInput.tsx" path="/Users/rominkumarakoliya/Desktop/ChemTrack/frontend/components/inputFields/DateInput.tsx">
        <metrics statements="10" coveredstatements="5" conditionals="18" coveredconditionals="5" methods="5" coveredmethods="1"/>
        <line num="19" count="28" type="stmt"/>
        <line num="20" count="28" type="stmt"/>
        <line num="22" count="28" type="stmt"/>
        <line num="23" count="0" type="stmt"/>
        <line num="24" count="0" type="stmt"/>
        <line num="26" count="28" type="stmt"/>
        <line num="30" count="0" type="cond" truecount="2" falsecount="0"/>
        <line num="50" count="0" type="stmt"/>
        <line num="61" count="0" type="stmt"/>
        <line num="70" count="2" type="stmt"/>
      </file>
      <file name="DropdownInput.tsx" path="/Users/rominkumarakoliya/Desktop/ChemTrack/frontend/components/inputFields/DropdownInput.tsx">
        <metrics statements="15" coveredstatements="4" conditionals="10" coveredconditionals="2" methods="3" coveredmethods="1"/>
        <line num="17" count="30" type="stmt"/>
        <line num="19" count="30" type="stmt"/>
        <line num="20" count="0" type="stmt"/>
        <line num="21" count="0" type="cond" truecount="0" falsecount="2"/>
        <line num="22" count="0" type="stmt"/>
        <line num="23" count="0" type="cond" truecount="0" falsecount="2"/>
        <line num="24" count="0" type="stmt"/>
        <line num="25" count="0" type="cond" truecount="0" falsecount="2"/>
        <line num="26" count="0" type="stmt"/>
        <line num="27" count="0" type="cond" truecount="0" falsecount="2"/>
        <line num="28" count="0" type="stmt"/>
        <line num="30" count="0" type="stmt"/>
        <line num="34" count="30" type="stmt"/>
        <line num="47" count="0" type="stmt"/>
        <line num="54" count="2" type="stmt"/>
      </file>
      <file name="HeaderTextInput.tsx" path="/Users/rominkumarakoliya/Desktop/ChemTrack/frontend/components/inputFields/HeaderTextInput.tsx">
        <metrics statements="2" coveredstatements="2" conditionals="5" coveredconditionals="5" methods="1" coveredmethods="1"/>
        <line num="22" count="90" type="stmt"/>
        <line num="47" count="3" type="stmt"/>
      </file>
    </package>
    <package name="constants">
      <metrics statements="10" coveredstatements="10" conditionals="0" coveredconditionals="0" methods="2" coveredmethods="2"/>
      <file name="Colors.ts" path="/Users/rominkumarakoliya/Desktop/ChemTrack/frontend/constants/Colors.ts">
        <metrics statements="3" coveredstatements="3" conditionals="0" coveredconditionals="0" methods="0" coveredmethods="0"/>
        <line num="2" count="4" type="stmt"/>
        <line num="3" count="4" type="stmt"/>
        <line num="5" count="4" type="stmt"/>
      </file>
      <file name="Size.ts" path="/Users/rominkumarakoliya/Desktop/ChemTrack/frontend/constants/Size.ts">
        <metrics statements="7" coveredstatements="7" conditionals="0" coveredconditionals="0" methods="2" coveredmethods="2"/>
        <line num="8" count="3" type="stmt"/>
        <line num="9" count="3" type="stmt"/>
        <line num="11" count="3" type="stmt"/>
        <line num="12" count="3" type="stmt"/>
        <line num="16" count="3" type="stmt"/>
        <line num="17" count="262" type="stmt"/>
        <line num="18" count="102" type="stmt"/>
      </file>
    </package>
    <package name="functions">
      <metrics statements="21" coveredstatements="5" conditionals="4" coveredconditionals="2" methods="4" coveredmethods="2"/>
      <file name="EmailRegex.tsx" path="/Users/rominkumarakoliya/Desktop/ChemTrack/frontend/functions/EmailRegex.tsx">
        <metrics statements="3" coveredstatements="3" conditionals="2" coveredconditionals="2" methods="2" coveredmethods="2"/>
        <line num="9" count="1" type="stmt"/>
        <line num="10" count="10" type="stmt"/>
        <line num="11" count="6" type="cond" truecount="2" falsecount="0"/>
      </file>
      <file name="fetchSchool.tsx" path="/Users/rominkumarakoliya/Desktop/ChemTrack/frontend/functions/fetchSchool.tsx">
        <metrics statements="18" coveredstatements="2" conditionals="2" coveredconditionals="0" methods="2" coveredmethods="0"/>
        <line num="5" count="2" type="stmt"/>
        <line num="6" count="0" type="stmt"/>
        <line num="7" count="0" type="stmt"/>
        <line num="8" count="0" type="stmt"/>
        <line num="9" count="0" type="stmt"/>
        <line num="10" count="0" type="stmt"/>
        <line num="11" count="0" type="stmt"/>
        <line num="12" count="0" type="cond" truecount="0" falsecount="2"/>
        <line num="13" count="0" type="stmt"/>
        <line num="16" count="0" type="stmt"/>
        <line num="19" count="0" type="stmt"/>
        <line num="20" count="0" type="stmt"/>
        <line num="25" count="2" type="stmt"/>
        <line num="26" count="0" type="stmt"/>
        <line num="27" count="0" type="stmt"/>
        <line num="28" count="0" type="stmt"/>
        <line num="30" count="0" type="stmt"/>
        <line num="31" count="0" type="stmt"/>
      </file>
    </package>
  </project>
</coverage>
