{"/Users/rominkumarakoliya/Desktop/ChemTrack/frontend/app/(auth)/login.tsx": {"path":"/Users/rominkumarakoliya/Desktop/ChemTrack/frontend/app/(auth)/login.tsx","statementMap":{"0":{"start":{"line":14,"column":18},"end":{"line":14,"column":61}},"1":{"start":{"line":15,"column":28},"end":{"line":15,"column":40}},"2":{"start":{"line":16,"column":34},"end":{"line":16,"column":46}},"3":{"start":{"line":17,"column":17},"end":{"line":17,"column":28}},"4":{"start":{"line":19,"column":42},"end":{"line":19,"column":57}},"5":{"start":{"line":20,"column":2},"end":{"line":20,"column":41}},"6":{"start":{"line":22,"column":29},"end":{"line":22,"column":38}},"7":{"start":{"line":24,"column":22},"end":{"line":76,"column":3}},"8":{"start":{"line":25,"column":4},"end":{"line":28,"column":5}},"9":{"start":{"line":26,"column":6},"end":{"line":26,"column":61}},"10":{"start":{"line":27,"column":6},"end":{"line":27,"column":13}},"11":{"start":{"line":30,"column":16},"end":{"line":30,"column":41}},"12":{"start":{"line":32,"column":4},"end":{"line":75,"column":5}},"13":{"start":{"line":34,"column":23},"end":{"line":40,"column":8}},"14":{"start":{"line":43,"column":6},"end":{"line":47,"column":7}},"15":{"start":{"line":44,"column":21},"end":{"line":44,"column":42}},"16":{"start":{"line":45,"column":8},"end":{"line":45,"column":57}},"17":{"start":{"line":46,"column":8},"end":{"line":46,"column":15}},"18":{"start":{"line":50,"column":19},"end":{"line":50,"column":40}},"19":{"start":{"line":51,"column":6},"end":{"line":51,"column":24}},"20":{"start":{"line":54,"column":6},"end":{"line":63,"column":9}},"21":{"start":{"line":66,"column":6},"end":{"line":66,"column":32}},"22":{"start":{"line":69,"column":6},"end":{"line":69,"column":38}},"23":{"start":{"line":73,"column":6},"end":{"line":73,"column":43}},"24":{"start":{"line":74,"column":6},"end":{"line":74,"column":66}},"25":{"start":{"line":79,"column":2},"end":{"line":140,"column":4}},"26":{"start":{"line":99,"column":35},"end":{"line":99,"column":50}},"27":{"start":{"line":113,"column":42},"end":{"line":113,"column":63}},"28":{"start":{"line":133,"column":36},"end":{"line":133,"column":63}},"29":{"start":{"line":143,"column":15},"end":{"line":166,"column":2}}},"fnMap":{"0":{"name":"LoginPage","decl":{"start":{"line":13,"column":24},"end":{"line":13,"column":33}},"loc":{"start":{"line":13,"column":36},"end":{"line":141,"column":1}},"line":13},"1":{"name":"(anonymous_1)","decl":{"start":{"line":24,"column":22},"end":{"line":24,"column":23}},"loc":{"start":{"line":24,"column":34},"end":{"line":76,"column":3}},"line":24},"2":{"name":"(anonymous_2)","decl":{"start":{"line":99,"column":26},"end":{"line":99,"column":27}},"loc":{"start":{"line":99,"column":35},"end":{"line":99,"column":50}},"line":99},"3":{"name":"(anonymous_3)","decl":{"start":{"line":113,"column":26},"end":{"line":113,"column":27}},"loc":{"start":{"line":113,"column":40},"end":{"line":113,"column":65}},"line":113},"4":{"name":"(anonymous_4)","decl":{"start":{"line":133,"column":30},"end":{"line":133,"column":31}},"loc":{"start":{"line":133,"column":36},"end":{"line":133,"column":63}},"line":133}},"branchMap":{"0":{"loc":{"start":{"line":25,"column":4},"end":{"line":28,"column":5}},"type":"if","locations":[{"start":{"line":25,"column":4},"end":{"line":28,"column":5}},{"start":{},"end":{}}],"line":25},"1":{"loc":{"start":{"line":25,"column":8},"end":{"line":25,"column":44}},"type":"binary-expr","locations":[{"start":{"line":25,"column":8},"end":{"line":25,"column":14}},{"start":{"line":25,"column":18},"end":{"line":25,"column":27}},{"start":{"line":25,"column":31},"end":{"line":25,"column":44}}],"line":25},"2":{"loc":{"start":{"line":43,"column":6},"end":{"line":47,"column":7}},"type":"if","locations":[{"start":{"line":43,"column":6},"end":{"line":47,"column":7}},{"start":{},"end":{}}],"line":43},"3":{"loc":{"start":{"line":45,"column":20},"end":{"line":45,"column":55}},"type":"binary-expr","locations":[{"start":{"line":45,"column":20},"end":{"line":45,"column":30}},{"start":{"line":45,"column":34},"end":{"line":45,"column":55}}],"line":45},"4":{"loc":{"start":{"line":127,"column":19},"end":{"line":127,"column":76}},"type":"cond-expr","locations":[{"start":{"line":127,"column":50},"end":{"line":127,"column":62}},{"start":{"line":127,"column":65},"end":{"line":127,"column":76}}],"line":127},"5":{"loc":{"start":{"line":127,"column":20},"end":{"line":127,"column":46}},"type":"binary-expr","locations":[{"start":{"line":127,"column":20},"end":{"line":127,"column":29}},{"start":{"line":127,"column":33},"end":{"line":127,"column":46}}],"line":127},"6":{"loc":{"start":{"line":128,"column":23},"end":{"line":128,"column":80}},"type":"cond-expr","locations":[{"start":{"line":128,"column":54},"end":{"line":128,"column":65}},{"start":{"line":128,"column":68},"end":{"line":128,"column":80}}],"line":128},"7":{"loc":{"start":{"line":128,"column":24},"end":{"line":128,"column":50}},"type":"binary-expr","locations":[{"start":{"line":128,"column":24},"end":{"line":128,"column":33}},{"start":{"line":128,"column":37},"end":{"line":128,"column":50}}],"line":128},"8":{"loc":{"start":{"line":129,"column":59},"end":{"line":129,"column":116}},"type":"cond-expr","locations":[{"start":{"line":129,"column":90},"end":{"line":129,"column":101}},{"start":{"line":129,"column":104},"end":{"line":129,"column":116}}],"line":129},"9":{"loc":{"start":{"line":129,"column":60},"end":{"line":129,"column":86}},"type":"binary-expr","locations":[{"start":{"line":129,"column":60},"end":{"line":129,"column":69}},{"start":{"line":129,"column":73},"end":{"line":129,"column":86}}],"line":129}},"s":{"0":10,"1":10,"2":10,"3":10,"4":10,"5":10,"6":10,"7":10,"8":3,"9":1,"10":1,"11":2,"12":2,"13":2,"14":2,"15":1,"16":1,"17":1,"18":1,"19":1,"20":1,"21":1,"22":1,"23":0,"24":0,"25":10,"26":2,"27":2,"28":0,"29":1},"f":{"0":10,"1":3,"2":2,"3":2,"4":0},"b":{"0":[1,2],"1":[3,2,2],"2":[1,1],"3":[1,0],"4":[8,2],"5":[10,2],"6":[8,2],"7":[10,2],"8":[8,2],"9":[10,2]},"_coverageSchema":"1a1c01bbd47fc00a2c39e90264f33305004495a9","hash":"30a5706d43577a4f4036077150757e50db13bd25"}
,"/Users/rominkumarakoliya/Desktop/ChemTrack/frontend/app/(tabs)/editChemical.tsx": {"path":"/Users/rominkumarakoliya/Desktop/ChemTrack/frontend/app/(tabs)/editChemical.tsx","statementMap":{"0":{"start":{"line":23,"column":26},"end":{"line":23,"column":46}},"1":{"start":{"line":24,"column":26},"end":{"line":24,"column":46}},"2":{"start":{"line":25,"column":28},"end":{"line":25,"column":48}},"3":{"start":{"line":26,"column":32},"end":{"line":26,"column":52}},"4":{"start":{"line":27,"column":30},"end":{"line":27,"column":50}},"5":{"start":{"line":28,"column":30},"end":{"line":28,"column":50}},"6":{"start":{"line":29,"column":34},"end":{"line":29,"column":54}},"7":{"start":{"line":30,"column":26},"end":{"line":30,"column":46}},"8":{"start":{"line":31,"column":34},"end":{"line":31,"column":66}},"9":{"start":{"line":32,"column":42},"end":{"line":32,"column":58}},"10":{"start":{"line":33,"column":46},"end":{"line":33,"column":62}},"11":{"start":{"line":34,"column":34},"end":{"line":34,"column":58}},"12":{"start":{"line":35,"column":42},"end":{"line":35,"column":61}},"13":{"start":{"line":36,"column":24},"end":{"line":36,"column":41}},"14":{"start":{"line":38,"column":17},"end":{"line":38,"column":28}},"15":{"start":{"line":39,"column":17},"end":{"line":39,"column":39}},"16":{"start":{"line":40,"column":27},"end":{"line":40,"column":57}},"17":{"start":{"line":41,"column":23},"end":{"line":41,"column":32}},"18":{"start":{"line":43,"column":38},"end":{"line":43,"column":84}},"19":{"start":{"line":45,"column":19},"end":{"line":50,"column":3}},"20":{"start":{"line":52,"column":16},"end":{"line":58,"column":3}},"21":{"start":{"line":60,"column":21},"end":{"line":86,"column":3}},"22":{"start":{"line":61,"column":4},"end":{"line":61,"column":73}},"23":{"start":{"line":61,"column":66},"end":{"line":61,"column":73}},"24":{"start":{"line":62,"column":4},"end":{"line":85,"column":5}},"25":{"start":{"line":64,"column":24},"end":{"line":68,"column":8}},"26":{"start":{"line":70,"column":6},"end":{"line":82,"column":7}},"27":{"start":{"line":72,"column":33},"end":{"line":72,"column":88}},"28":{"start":{"line":73,"column":8},"end":{"line":73,"column":48}},"29":{"start":{"line":74,"column":8},"end":{"line":74,"column":55}},"30":{"start":{"line":75,"column":8},"end":{"line":75,"column":61}},"31":{"start":{"line":76,"column":8},"end":{"line":76,"column":43}},"32":{"start":{"line":77,"column":8},"end":{"line":77,"column":26}},"33":{"start":{"line":78,"column":8},"end":{"line":78,"column":37}},"34":{"start":{"line":80,"column":8},"end":{"line":80,"column":47}},"35":{"start":{"line":81,"column":8},"end":{"line":81,"column":47}},"36":{"start":{"line":84,"column":6},"end":{"line":84,"column":25}},"37":{"start":{"line":89,"column":18},"end":{"line":89,"column":61}},"38":{"start":{"line":91,"column":2},"end":{"line":99,"column":25}},"39":{"start":{"line":92,"column":4},"end":{"line":98,"column":5}},"40":{"start":{"line":93,"column":6},"end":{"line":93,"column":42}},"41":{"start":{"line":95,"column":6},"end":{"line":97,"column":7}},"42":{"start":{"line":96,"column":8},"end":{"line":96,"column":41}},"43":{"start":{"line":102,"column":28},"end":{"line":139,"column":3}},"44":{"start":{"line":103,"column":4},"end":{"line":138,"column":5}},"45":{"start":{"line":104,"column":23},"end":{"line":104,"column":71}},"46":{"start":{"line":105,"column":19},"end":{"line":105,"column":40}},"47":{"start":{"line":106,"column":6},"end":{"line":106,"column":23}},"48":{"start":{"line":108,"column":6},"end":{"line":134,"column":7}},"49":{"start":{"line":109,"column":8},"end":{"line":109,"column":30}},"50":{"start":{"line":110,"column":8},"end":{"line":110,"column":33}},"51":{"start":{"line":111,"column":8},"end":{"line":111,"column":33}},"52":{"start":{"line":112,"column":8},"end":{"line":112,"column":47}},"53":{"start":{"line":113,"column":8},"end":{"line":113,"column":51}},"54":{"start":{"line":114,"column":8},"end":{"line":114,"column":37}},"55":{"start":{"line":115,"column":8},"end":{"line":115,"column":37}},"56":{"start":{"line":116,"column":30},"end":{"line":116,"column":73}},"57":{"start":{"line":117,"column":8},"end":{"line":117,"column":44}},"58":{"start":{"line":118,"column":8},"end":{"line":118,"column":40}},"59":{"start":{"line":119,"column":8},"end":{"line":126,"column":11}},"60":{"start":{"line":128,"column":8},"end":{"line":128,"column":87}},"61":{"start":{"line":129,"column":8},"end":{"line":129,"column":93}},"62":{"start":{"line":130,"column":8},"end":{"line":130,"column":37}},"63":{"start":{"line":132,"column":8},"end":{"line":132,"column":60}},"64":{"start":{"line":133,"column":8},"end":{"line":133,"column":62}},"65":{"start":{"line":136,"column":6},"end":{"line":136,"column":60}},"66":{"start":{"line":137,"column":6},"end":{"line":137,"column":59}},"67":{"start":{"line":141,"column":26},"end":{"line":143,"column":3}},"68":{"start":{"line":142,"column":4},"end":{"line":142,"column":34}},"69":{"start":{"line":146,"column":33},"end":{"line":146,"column":93}},"70":{"start":{"line":147,"column":43},"end":{"line":147,"column":73}},"71":{"start":{"line":148,"column":25},"end":{"line":148,"column":80}},"72":{"start":{"line":149,"column":34},"end":{"line":149,"column":58}},"73":{"start":{"line":151,"column":2},"end":{"line":158,"column":58}},"74":{"start":{"line":152,"column":40},"end":{"line":152,"column":90}},"75":{"start":{"line":152,"column":69},"end":{"line":152,"column":89}},"76":{"start":{"line":153,"column":38},"end":{"line":153,"column":82}},"77":{"start":{"line":153,"column":63},"end":{"line":153,"column":81}},"78":{"start":{"line":154,"column":35},"end":{"line":154,"column":81}},"79":{"start":{"line":154,"column":60},"end":{"line":154,"column":80}},"80":{"start":{"line":156,"column":4},"end":{"line":156,"column":85}},"81":{"start":{"line":160,"column":17},"end":{"line":208,"column":3}},"82":{"start":{"line":161,"column":4},"end":{"line":207,"column":5}},"83":{"start":{"line":162,"column":25},"end":{"line":163,"column":59}},"84":{"start":{"line":163,"column":8},"end":{"line":163,"column":59}},"85":{"start":{"line":165,"column":19},"end":{"line":176,"column":7}},"86":{"start":{"line":178,"column":6},"end":{"line":204,"column":7}},"87":{"start":{"line":179,"column":25},"end":{"line":188,"column":9}},"88":{"start":{"line":190,"column":29},"end":{"line":190,"column":50}},"89":{"start":{"line":192,"column":8},"end":{"line":200,"column":9}},"90":{"start":{"line":193,"column":10},"end":{"line":193,"column":21}},"91":{"start":{"line":194,"column":10},"end":{"line":194,"column":70}},"92":{"start":{"line":195,"column":10},"end":{"line":195,"column":65}},"93":{"start":{"line":196,"column":10},"end":{"line":196,"column":27}},"94":{"start":{"line":198,"column":10},"end":{"line":198,"column":66}},"95":{"start":{"line":199,"column":10},"end":{"line":199,"column":73}},"96":{"start":{"line":202,"column":8},"end":{"line":202,"column":57}},"97":{"start":{"line":203,"column":8},"end":{"line":203,"column":71}},"98":{"start":{"line":206,"column":6},"end":{"line":206,"column":57}},"99":{"start":{"line":210,"column":18},"end":{"line":223,"column":3}},"100":{"start":{"line":211,"column":4},"end":{"line":211,"column":16}},"101":{"start":{"line":212,"column":4},"end":{"line":212,"column":16}},"102":{"start":{"line":213,"column":4},"end":{"line":213,"column":17}},"103":{"start":{"line":214,"column":4},"end":{"line":214,"column":19}},"104":{"start":{"line":215,"column":4},"end":{"line":215,"column":18}},"105":{"start":{"line":216,"column":4},"end":{"line":216,"column":18}},"106":{"start":{"line":217,"column":4},"end":{"line":217,"column":20}},"107":{"start":{"line":218,"column":4},"end":{"line":218,"column":16}},"108":{"start":{"line":219,"column":4},"end":{"line":219,"column":30}},"109":{"start":{"line":220,"column":4},"end":{"line":220,"column":31}},"110":{"start":{"line":221,"column":4},"end":{"line":221,"column":33}},"111":{"start":{"line":222,"column":4},"end":{"line":222,"column":23}},"112":{"start":{"line":225,"column":19},"end":{"line":227,"column":3}},"113":{"start":{"line":226,"column":4},"end":{"line":226,"column":27}},"114":{"start":{"line":229,"column":2},"end":{"line":330,"column":4}},"115":{"start":{"line":237,"column":87},"end":{"line":237,"column":101}},"116":{"start":{"line":261,"column":82},"end":{"line":261,"column":100}},"117":{"start":{"line":280,"column":76},"end":{"line":280,"column":90}},"118":{"start":{"line":281,"column":79},"end":{"line":281,"column":96}},"119":{"start":{"line":282,"column":77},"end":{"line":282,"column":92}},"120":{"start":{"line":333,"column":15},"end":{"line":354,"column":2}}},"fnMap":{"0":{"name":"editChemicals","decl":{"start":{"line":22,"column":24},"end":{"line":22,"column":37}},"loc":{"start":{"line":22,"column":40},"end":{"line":331,"column":1}},"line":22},"1":{"name":"(anonymous_1)","decl":{"start":{"line":60,"column":21},"end":{"line":60,"column":22}},"loc":{"start":{"line":60,"column":33},"end":{"line":86,"column":3}},"line":60},"2":{"name":"(anonymous_2)","decl":{"start":{"line":91,"column":12},"end":{"line":91,"column":13}},"loc":{"start":{"line":91,"column":18},"end":{"line":99,"column":3}},"line":91},"3":{"name":"(anonymous_3)","decl":{"start":{"line":102,"column":28},"end":{"line":102,"column":29}},"loc":{"start":{"line":102,"column":50},"end":{"line":139,"column":3}},"line":102},"4":{"name":"(anonymous_4)","decl":{"start":{"line":141,"column":26},"end":{"line":141,"column":27}},"loc":{"start":{"line":141,"column":32},"end":{"line":143,"column":3}},"line":141},"5":{"name":"(anonymous_5)","decl":{"start":{"line":151,"column":12},"end":{"line":151,"column":13}},"loc":{"start":{"line":151,"column":18},"end":{"line":157,"column":3}},"line":151},"6":{"name":"(anonymous_6)","decl":{"start":{"line":152,"column":59},"end":{"line":152,"column":60}},"loc":{"start":{"line":152,"column":69},"end":{"line":152,"column":89}},"line":152},"7":{"name":"(anonymous_7)","decl":{"start":{"line":153,"column":55},"end":{"line":153,"column":56}},"loc":{"start":{"line":153,"column":63},"end":{"line":153,"column":81}},"line":153},"8":{"name":"(anonymous_8)","decl":{"start":{"line":154,"column":50},"end":{"line":154,"column":51}},"loc":{"start":{"line":154,"column":60},"end":{"line":154,"column":80}},"line":154},"9":{"name":"(anonymous_9)","decl":{"start":{"line":160,"column":17},"end":{"line":160,"column":18}},"loc":{"start":{"line":160,"column":29},"end":{"line":208,"column":3}},"line":160},"10":{"name":"(anonymous_10)","decl":{"start":{"line":162,"column":25},"end":{"line":162,"column":26}},"loc":{"start":{"line":163,"column":8},"end":{"line":163,"column":59}},"line":163},"11":{"name":"(anonymous_11)","decl":{"start":{"line":210,"column":18},"end":{"line":210,"column":19}},"loc":{"start":{"line":210,"column":24},"end":{"line":223,"column":3}},"line":210},"12":{"name":"(anonymous_12)","decl":{"start":{"line":225,"column":19},"end":{"line":225,"column":20}},"loc":{"start":{"line":225,"column":25},"end":{"line":227,"column":3}},"line":225},"13":{"name":"(anonymous_13)","decl":{"start":{"line":237,"column":76},"end":{"line":237,"column":77}},"loc":{"start":{"line":237,"column":87},"end":{"line":237,"column":101}},"line":237},"14":{"name":"(anonymous_14)","decl":{"start":{"line":261,"column":71},"end":{"line":261,"column":72}},"loc":{"start":{"line":261,"column":82},"end":{"line":261,"column":100}},"line":261},"15":{"name":"(anonymous_15)","decl":{"start":{"line":280,"column":65},"end":{"line":280,"column":66}},"loc":{"start":{"line":280,"column":76},"end":{"line":280,"column":90}},"line":280},"16":{"name":"(anonymous_16)","decl":{"start":{"line":281,"column":68},"end":{"line":281,"column":69}},"loc":{"start":{"line":281,"column":79},"end":{"line":281,"column":96}},"line":281},"17":{"name":"(anonymous_17)","decl":{"start":{"line":282,"column":66},"end":{"line":282,"column":67}},"loc":{"start":{"line":282,"column":77},"end":{"line":282,"column":92}},"line":282}},"branchMap":{"0":{"loc":{"start":{"line":40,"column":27},"end":{"line":40,"column":57}},"type":"cond-expr","locations":[{"start":{"line":40,"column":47},"end":{"line":40,"column":52}},{"start":{"line":40,"column":55},"end":{"line":40,"column":57}}],"line":40},"1":{"loc":{"start":{"line":61,"column":4},"end":{"line":61,"column":73}},"type":"if","locations":[{"start":{"line":61,"column":4},"end":{"line":61,"column":73}},{"start":{},"end":{}}],"line":61},"2":{"loc":{"start":{"line":61,"column":10},"end":{"line":61,"column":63}},"type":"binary-expr","locations":[{"start":{"line":61,"column":10},"end":{"line":61,"column":18}},{"start":{"line":61,"column":23},"end":{"line":61,"column":40}},{"start":{"line":61,"column":44},"end":{"line":61,"column":62}}],"line":61},"3":{"loc":{"start":{"line":70,"column":6},"end":{"line":82,"column":7}},"type":"if","locations":[{"start":{"line":70,"column":6},"end":{"line":82,"column":7}},{"start":{"line":79,"column":13},"end":{"line":82,"column":7}}],"line":70},"4":{"loc":{"start":{"line":92,"column":4},"end":{"line":98,"column":5}},"type":"if","locations":[{"start":{"line":92,"column":4},"end":{"line":98,"column":5}},{"start":{},"end":{}}],"line":92},"5":{"loc":{"start":{"line":92,"column":8},"end":{"line":92,"column":81}},"type":"binary-expr","locations":[{"start":{"line":92,"column":8},"end":{"line":92,"column":24}},{"start":{"line":92,"column":28},"end":{"line":92,"column":36}},{"start":{"line":92,"column":41},"end":{"line":92,"column":58}},{"start":{"line":92,"column":62},"end":{"line":92,"column":80}}],"line":92},"6":{"loc":{"start":{"line":95,"column":6},"end":{"line":97,"column":7}},"type":"if","locations":[{"start":{"line":95,"column":6},"end":{"line":97,"column":7}},{"start":{},"end":{}}],"line":95},"7":{"loc":{"start":{"line":108,"column":6},"end":{"line":134,"column":7}},"type":"if","locations":[{"start":{"line":108,"column":6},"end":{"line":134,"column":7}},{"start":{"line":131,"column":13},"end":{"line":134,"column":7}}],"line":108},"8":{"loc":{"start":{"line":110,"column":16},"end":{"line":110,"column":31}},"type":"binary-expr","locations":[{"start":{"line":110,"column":16},"end":{"line":110,"column":25}},{"start":{"line":110,"column":29},"end":{"line":110,"column":31}}],"line":110},"9":{"loc":{"start":{"line":111,"column":16},"end":{"line":111,"column":31}},"type":"binary-expr","locations":[{"start":{"line":111,"column":16},"end":{"line":111,"column":25}},{"start":{"line":111,"column":29},"end":{"line":111,"column":31}}],"line":111},"10":{"loc":{"start":{"line":112,"column":17},"end":{"line":112,"column":45}},"type":"binary-expr","locations":[{"start":{"line":112,"column":17},"end":{"line":112,"column":39}},{"start":{"line":112,"column":43},"end":{"line":112,"column":45}}],"line":112},"11":{"loc":{"start":{"line":113,"column":19},"end":{"line":113,"column":49}},"type":"binary-expr","locations":[{"start":{"line":113,"column":19},"end":{"line":113,"column":43}},{"start":{"line":113,"column":47},"end":{"line":113,"column":49}}],"line":113},"12":{"loc":{"start":{"line":114,"column":18},"end":{"line":114,"column":35}},"type":"binary-expr","locations":[{"start":{"line":114,"column":18},"end":{"line":114,"column":29}},{"start":{"line":114,"column":33},"end":{"line":114,"column":35}}],"line":114},"13":{"loc":{"start":{"line":115,"column":18},"end":{"line":115,"column":35}},"type":"binary-expr","locations":[{"start":{"line":115,"column":18},"end":{"line":115,"column":29}},{"start":{"line":115,"column":33},"end":{"line":115,"column":35}}],"line":115},"14":{"loc":{"start":{"line":116,"column":31},"end":{"line":116,"column":50}},"type":"binary-expr","locations":[{"start":{"line":116,"column":31},"end":{"line":116,"column":44}},{"start":{"line":116,"column":48},"end":{"line":116,"column":50}}],"line":116},"15":{"loc":{"start":{"line":117,"column":20},"end":{"line":117,"column":42}},"type":"binary-expr","locations":[{"start":{"line":117,"column":20},"end":{"line":117,"column":36}},{"start":{"line":117,"column":40},"end":{"line":117,"column":42}}],"line":117},"16":{"loc":{"start":{"line":118,"column":16},"end":{"line":118,"column":38}},"type":"binary-expr","locations":[{"start":{"line":118,"column":16},"end":{"line":118,"column":32}},{"start":{"line":118,"column":36},"end":{"line":118,"column":38}}],"line":118},"17":{"loc":{"start":{"line":120,"column":10},"end":{"line":120,"column":102}},"type":"binary-expr","locations":[{"start":{"line":120,"column":10},"end":{"line":120,"column":96}},{"start":{"line":120,"column":100},"end":{"line":120,"column":102}}],"line":120},"18":{"loc":{"start":{"line":120,"column":57},"end":{"line":120,"column":89}},"type":"binary-expr","locations":[{"start":{"line":120,"column":57},"end":{"line":120,"column":84}},{"start":{"line":120,"column":88},"end":{"line":120,"column":89}}],"line":120},"19":{"loc":{"start":{"line":121,"column":10},"end":{"line":124,"column":17}},"type":"binary-expr","locations":[{"start":{"line":121,"column":10},"end":{"line":124,"column":11}},{"start":{"line":124,"column":15},"end":{"line":124,"column":17}}],"line":121},"20":{"loc":{"start":{"line":122,"column":25},"end":{"line":122,"column":57}},"type":"binary-expr","locations":[{"start":{"line":122,"column":25},"end":{"line":122,"column":52}},{"start":{"line":122,"column":56},"end":{"line":122,"column":57}}],"line":122},"21":{"loc":{"start":{"line":123,"column":25},"end":{"line":123,"column":57}},"type":"binary-expr","locations":[{"start":{"line":123,"column":25},"end":{"line":123,"column":52}},{"start":{"line":123,"column":56},"end":{"line":123,"column":57}}],"line":123},"22":{"loc":{"start":{"line":125,"column":10},"end":{"line":125,"column":99}},"type":"binary-expr","locations":[{"start":{"line":125,"column":10},"end":{"line":125,"column":93}},{"start":{"line":125,"column":97},"end":{"line":125,"column":99}}],"line":125},"23":{"loc":{"start":{"line":125,"column":54},"end":{"line":125,"column":86}},"type":"binary-expr","locations":[{"start":{"line":125,"column":54},"end":{"line":125,"column":81}},{"start":{"line":125,"column":85},"end":{"line":125,"column":86}}],"line":125},"24":{"loc":{"start":{"line":128,"column":24},"end":{"line":128,"column":85}},"type":"cond-expr","locations":[{"start":{"line":128,"column":45},"end":{"line":128,"column":73}},{"start":{"line":128,"column":76},"end":{"line":128,"column":85}}],"line":128},"25":{"loc":{"start":{"line":129,"column":26},"end":{"line":129,"column":91}},"type":"cond-expr","locations":[{"start":{"line":129,"column":49},"end":{"line":129,"column":79}},{"start":{"line":129,"column":82},"end":{"line":129,"column":91}}],"line":129},"26":{"loc":{"start":{"line":156,"column":16},"end":{"line":156,"column":83}},"type":"binary-expr","locations":[{"start":{"line":156,"column":16},"end":{"line":156,"column":34}},{"start":{"line":156,"column":38},"end":{"line":156,"column":54}},{"start":{"line":156,"column":58},"end":{"line":156,"column":71}},{"start":{"line":156,"column":75},"end":{"line":156,"column":83}}],"line":156},"27":{"loc":{"start":{"line":161,"column":4},"end":{"line":207,"column":5}},"type":"if","locations":[{"start":{"line":161,"column":4},"end":{"line":207,"column":5}},{"start":{"line":205,"column":11},"end":{"line":207,"column":5}}],"line":161},"28":{"loc":{"start":{"line":161,"column":8},"end":{"line":161,"column":73}},"type":"binary-expr","locations":[{"start":{"line":161,"column":8},"end":{"line":161,"column":16}},{"start":{"line":161,"column":20},"end":{"line":161,"column":28}},{"start":{"line":161,"column":33},"end":{"line":161,"column":50}},{"start":{"line":161,"column":54},"end":{"line":161,"column":72}}],"line":161},"29":{"loc":{"start":{"line":163,"column":8},"end":{"line":163,"column":59}},"type":"cond-expr","locations":[{"start":{"line":163,"column":15},"end":{"line":163,"column":47}},{"start":{"line":163,"column":50},"end":{"line":163,"column":59}}],"line":163},"30":{"loc":{"start":{"line":192,"column":8},"end":{"line":200,"column":9}},"type":"if","locations":[{"start":{"line":192,"column":8},"end":{"line":200,"column":9}},{"start":{"line":197,"column":15},"end":{"line":200,"column":9}}],"line":192},"31":{"loc":{"start":{"line":231,"column":7},"end":{"line":328,"column":34}},"type":"cond-expr","locations":[{"start":{"line":232,"column":8},"end":{"line":328,"column":15}},{"start":{"line":328,"column":20},"end":{"line":328,"column":33}}],"line":231},"32":{"loc":{"start":{"line":231,"column":7},"end":{"line":231,"column":60}},"type":"binary-expr","locations":[{"start":{"line":231,"column":7},"end":{"line":231,"column":15}},{"start":{"line":231,"column":20},"end":{"line":231,"column":37}},{"start":{"line":231,"column":41},"end":{"line":231,"column":59}}],"line":231},"33":{"loc":{"start":{"line":233,"column":34},"end":{"line":233,"column":57}},"type":"binary-expr","locations":[{"start":{"line":233,"column":34},"end":{"line":233,"column":38}},{"start":{"line":233,"column":42},"end":{"line":233,"column":57}}],"line":233},"34":{"loc":{"start":{"line":269,"column":15},"end":{"line":275,"column":21}},"type":"binary-expr","locations":[{"start":{"line":269,"column":15},"end":{"line":269,"column":23}},{"start":{"line":269,"column":27},"end":{"line":269,"column":45}},{"start":{"line":270,"column":14},"end":{"line":275,"column":21}}],"line":269},"35":{"loc":{"start":{"line":290,"column":27},"end":{"line":290,"column":69}},"type":"cond-expr","locations":[{"start":{"line":290,"column":38},"end":{"line":290,"column":53}},{"start":{"line":290,"column":56},"end":{"line":290,"column":69}}],"line":290},"36":{"loc":{"start":{"line":293,"column":26},"end":{"line":293,"column":127}},"type":"cond-expr","locations":[{"start":{"line":293,"column":37},"end":{"line":293,"column":87}},{"start":{"line":293,"column":90},"end":{"line":293,"column":127}}],"line":293},"37":{"loc":{"start":{"line":295,"column":27},"end":{"line":295,"column":55}},"type":"cond-expr","locations":[{"start":{"line":295,"column":38},"end":{"line":295,"column":45}},{"start":{"line":295,"column":48},"end":{"line":295,"column":55}}],"line":295},"38":{"loc":{"start":{"line":296,"column":31},"end":{"line":296,"column":59}},"type":"cond-expr","locations":[{"start":{"line":296,"column":42},"end":{"line":296,"column":49}},{"start":{"line":296,"column":52},"end":{"line":296,"column":59}}],"line":296},"39":{"loc":{"start":{"line":305,"column":29},"end":{"line":305,"column":61}},"type":"cond-expr","locations":[{"start":{"line":305,"column":40},"end":{"line":305,"column":47}},{"start":{"line":305,"column":50},"end":{"line":305,"column":61}}],"line":305},"40":{"loc":{"start":{"line":306,"column":25},"end":{"line":306,"column":57}},"type":"cond-expr","locations":[{"start":{"line":306,"column":36},"end":{"line":306,"column":47}},{"start":{"line":306,"column":50},"end":{"line":306,"column":57}}],"line":306},"41":{"loc":{"start":{"line":309,"column":64},"end":{"line":309,"column":96}},"type":"cond-expr","locations":[{"start":{"line":309,"column":75},"end":{"line":309,"column":82}},{"start":{"line":309,"column":85},"end":{"line":309,"column":96}}],"line":309}},"s":{"0":34,"1":32,"2":32,"3":32,"4":32,"5":32,"6":32,"7":32,"8":32,"9":32,"10":32,"11":32,"12":32,"13":32,"14":32,"15":32,"16":16,"17":16,"18":16,"19":16,"20":16,"21":16,"22":0,"23":0,"24":0,"25":0,"26":0,"27":0,"28":0,"29":0,"30":0,"31":0,"32":0,"33":0,"34":0,"35":0,"36":0,"37":16,"38":16,"39":0,"40":0,"41":0,"42":0,"43":16,"44":0,"45":0,"46":0,"47":0,"48":0,"49":0,"50":0,"51":0,"52":0,"53":0,"54":0,"55":0,"56":0,"57":0,"58":0,"59":0,"60":0,"61":0,"62":0,"63":0,"64":0,"65":0,"66":0,"67":16,"68":0,"69":16,"70":16,"71":16,"72":16,"73":16,"74":0,"75":0,"76":0,"77":0,"78":0,"79":0,"80":0,"81":16,"82":0,"83":0,"84":0,"85":0,"86":0,"87":0,"88":0,"89":0,"90":0,"91":0,"92":0,"93":0,"94":0,"95":0,"96":0,"97":0,"98":0,"99":16,"100":0,"101":0,"102":0,"103":0,"104":0,"105":0,"106":0,"107":0,"108":0,"109":0,"110":0,"111":0,"112":16,"113":0,"114":16,"115":0,"116":0,"117":0,"118":0,"119":0,"120":2},"f":{"0":34,"1":0,"2":0,"3":0,"4":0,"5":0,"6":0,"7":0,"8":0,"9":0,"10":0,"11":0,"12":0,"13":0,"14":0,"15":0,"16":0,"17":0},"b":{"0":[0,16],"1":[0,0],"2":[0,0,0],"3":[0,0],"4":[0,0],"5":[0,0,0,0],"6":[0,0],"7":[0,0],"8":[0,0],"9":[0,0],"10":[0,0],"11":[0,0],"12":[0,0],"13":[0,0],"14":[0,0],"15":[0,0],"16":[0,0],"17":[0,0],"18":[0,0],"19":[0,0],"20":[0,0],"21":[0,0],"22":[0,0],"23":[0,0],"24":[0,0],"25":[0,0],"26":[0,0,0,0],"27":[0,0],"28":[0,0,0,0],"29":[0,0],"30":[0,0],"31":[14,2],"32":[16,16,4],"33":[14,14],"34":[14,14,2],"35":[0,14],"36":[0,14],"37":[0,14],"38":[0,14],"39":[0,14],"40":[0,14],"41":[0,14]},"_coverageSchema":"1a1c01bbd47fc00a2c39e90264f33305004495a9","hash":"0248f86e5d78bc28da2d60cd52c906b2e1fbc5b6"}
,"/Users/rominkumarakoliya/Desktop/ChemTrack/frontend/app/(tabs)/errorPage.tsx": {"path":"/Users/rominkumarakoliya/Desktop/ChemTrack/frontend/app/(tabs)/errorPage.tsx","statementMap":{"0":{"start":{"line":11,"column":17},"end":{"line":11,"column":28}},"1":{"start":{"line":13,"column":2},"end":{"line":28,"column":3}},"2":{"start":{"line":15,"column":61},"end":{"line":15,"column":74}},"3":{"start":{"line":21,"column":27},"end":{"line":21,"column":43}},"4":{"start":{"line":31,"column":15},"end":{"line":54,"column":2}}},"fnMap":{"0":{"name":"ErrorPage","decl":{"start":{"line":10,"column":24},"end":{"line":10,"column":33}},"loc":{"start":{"line":10,"column":36},"end":{"line":29,"column":1}},"line":10},"1":{"name":"(anonymous_1)","decl":{"start":{"line":15,"column":55},"end":{"line":15,"column":56}},"loc":{"start":{"line":15,"column":61},"end":{"line":15,"column":74}},"line":15},"2":{"name":"(anonymous_2)","decl":{"start":{"line":21,"column":21},"end":{"line":21,"column":22}},"loc":{"start":{"line":21,"column":27},"end":{"line":21,"column":43}},"line":21}},"branchMap":{},"s":{"0":3,"1":3,"2":0,"3":0,"4":2},"f":{"0":3,"1":0,"2":0},"b":{},"_coverageSchema":"1a1c01bbd47fc00a2c39e90264f33305004495a9","hash":"dd58b50a865ddc2b49b2bbaed0d2789d2262546f"}
,"/Users/rominkumarakoliya/Desktop/ChemTrack/frontend/assets/icons/CalendarIcon.tsx": {"path":"/Users/rominkumarakoliya/Desktop/ChemTrack/frontend/assets/icons/CalendarIcon.tsx","statementMap":{"0":{"start":{"line":5,"column":21},"end":{"line":28,"column":1}},"1":{"start":{"line":7,"column":4},"end":{"line":26,"column":10}}},"fnMap":{"0":{"name":"(anonymous_0)","decl":{"start":{"line":5,"column":21},"end":{"line":5,"column":22}},"loc":{"start":{"line":7,"column":4},"end":{"line":26,"column":10}},"line":7}},"branchMap":{"0":{"loc":{"start":{"line":5,"column":24},"end":{"line":5,"column":34}},"type":"default-arg","locations":[{"start":{"line":5,"column":32},"end":{"line":5,"column":34}}],"line":5},"1":{"loc":{"start":{"line":5,"column":36},"end":{"line":5,"column":47}},"type":"default-arg","locations":[{"start":{"line":5,"column":45},"end":{"line":5,"column":47}}],"line":5},"2":{"loc":{"start":{"line":5,"column":49},"end":{"line":5,"column":64}},"type":"default-arg","locations":[{"start":{"line":5,"column":57},"end":{"line":5,"column":64}}],"line":5}},"s":{"0":2,"1":28},"f":{"0":28},"b":{"0":[28],"1":[28],"2":[0]},"_coverageSchema":"1a1c01bbd47fc00a2c39e90264f33305004495a9","hash":"b6a3daf187528c833a6173fe532395d49396b7af"}
,"/Users/rominkumarakoliya/Desktop/ChemTrack/frontend/assets/icons/HomeIcon.tsx": {"path":"/Users/rominkumarakoliya/Desktop/ChemTrack/frontend/assets/icons/HomeIcon.tsx","statementMap":{"0":{"start":{"line":4,"column":17},"end":{"line":9,"column":1}},"1":{"start":{"line":5,"column":0},"end":{"line":8,"column":6}}},"fnMap":{"0":{"name":"(anonymous_0)","decl":{"start":{"line":4,"column":17},"end":{"line":4,"column":18}},"loc":{"start":{"line":5,"column":0},"end":{"line":8,"column":6}},"line":5}},"branchMap":{"0":{"loc":{"start":{"line":4,"column":20},"end":{"line":4,"column":30}},"type":"default-arg","locations":[{"start":{"line":4,"column":28},"end":{"line":4,"column":30}}],"line":4},"1":{"loc":{"start":{"line":4,"column":32},"end":{"line":4,"column":43}},"type":"default-arg","locations":[{"start":{"line":4,"column":41},"end":{"line":4,"column":43}}],"line":4},"2":{"loc":{"start":{"line":4,"column":45},"end":{"line":4,"column":60}},"type":"default-arg","locations":[{"start":{"line":4,"column":53},"end":{"line":4,"column":60}}],"line":4}},"s":{"0":2,"1":2},"f":{"0":2},"b":{"0":[0],"1":[0],"2":[0]},"_coverageSchema":"1a1c01bbd47fc00a2c39e90264f33305004495a9","hash":"8dc2c1bb6fea489e270001ce74e34cef973bafe5"}
,"/Users/rominkumarakoliya/Desktop/ChemTrack/frontend/assets/icons/LoginIcon.tsx": {"path":"/Users/rominkumarakoliya/Desktop/ChemTrack/frontend/assets/icons/LoginIcon.tsx","statementMap":{"0":{"start":{"line":6,"column":18},"end":{"line":37,"column":1}},"1":{"start":{"line":7,"column":2},"end":{"line":36,"column":8}}},"fnMap":{"0":{"name":"(anonymous_0)","decl":{"start":{"line":6,"column":18},"end":{"line":6,"column":19}},"loc":{"start":{"line":7,"column":2},"end":{"line":36,"column":8}},"line":7}},"branchMap":{"0":{"loc":{"start":{"line":6,"column":21},"end":{"line":6,"column":31}},"type":"default-arg","locations":[{"start":{"line":6,"column":29},"end":{"line":6,"column":31}}],"line":6},"1":{"loc":{"start":{"line":6,"column":33},"end":{"line":6,"column":44}},"type":"default-arg","locations":[{"start":{"line":6,"column":42},"end":{"line":6,"column":44}}],"line":6},"2":{"loc":{"start":{"line":6,"column":46},"end":{"line":6,"column":61}},"type":"default-arg","locations":[{"start":{"line":6,"column":54},"end":{"line":6,"column":61}}],"line":6}},"s":{"0":1,"1":10},"f":{"0":10},"b":{"0":[0],"1":[0],"2":[0]},"_coverageSchema":"1a1c01bbd47fc00a2c39e90264f33305004495a9","hash":"4e05c9f754adff8bc7ae54ef2c6bfa9d97548527"}
,"/Users/rominkumarakoliya/Desktop/ChemTrack/frontend/assets/icons/PencilIcon.tsx": {"path":"/Users/rominkumarakoliya/Desktop/ChemTrack/frontend/assets/icons/PencilIcon.tsx","statementMap":{"0":{"start":{"line":4,"column":19},"end":{"line":16,"column":1}},"1":{"start":{"line":5,"column":4},"end":{"line":14,"column":10}}},"fnMap":{"0":{"name":"(anonymous_0)","decl":{"start":{"line":4,"column":19},"end":{"line":4,"column":20}},"loc":{"start":{"line":5,"column":4},"end":{"line":14,"column":10}},"line":5}},"branchMap":{"0":{"loc":{"start":{"line":4,"column":22},"end":{"line":4,"column":32}},"type":"default-arg","locations":[{"start":{"line":4,"column":30},"end":{"line":4,"column":32}}],"line":4},"1":{"loc":{"start":{"line":4,"column":34},"end":{"line":4,"column":45}},"type":"default-arg","locations":[{"start":{"line":4,"column":43},"end":{"line":4,"column":45}}],"line":4},"2":{"loc":{"start":{"line":4,"column":47},"end":{"line":4,"column":62}},"type":"default-arg","locations":[{"start":{"line":4,"column":55},"end":{"line":4,"column":62}}],"line":4}},"s":{"0":3,"1":20},"f":{"0":20},"b":{"0":[0],"1":[0],"2":[0]},"_coverageSchema":"1a1c01bbd47fc00a2c39e90264f33305004495a9","hash":"c704aa437405911a628e341a54c11ebf3a0b0450"}
,"/Users/rominkumarakoliya/Desktop/ChemTrack/frontend/assets/icons/ResetIcon.tsx": {"path":"/Users/rominkumarakoliya/Desktop/ChemTrack/frontend/assets/icons/ResetIcon.tsx","statementMap":{"0":{"start":{"line":4,"column":18},"end":{"line":28,"column":1}},"1":{"start":{"line":5,"column":4},"end":{"line":27,"column":10}}},"fnMap":{"0":{"name":"(anonymous_0)","decl":{"start":{"line":4,"column":18},"end":{"line":4,"column":19}},"loc":{"start":{"line":5,"column":4},"end":{"line":27,"column":10}},"line":5}},"branchMap":{"0":{"loc":{"start":{"line":4,"column":21},"end":{"line":4,"column":31}},"type":"default-arg","locations":[{"start":{"line":4,"column":29},"end":{"line":4,"column":31}}],"line":4},"1":{"loc":{"start":{"line":4,"column":33},"end":{"line":4,"column":44}},"type":"default-arg","locations":[{"start":{"line":4,"column":42},"end":{"line":4,"column":44}}],"line":4},"2":{"loc":{"start":{"line":4,"column":46},"end":{"line":4,"column":61}},"type":"default-arg","locations":[{"start":{"line":4,"column":54},"end":{"line":4,"column":61}}],"line":4}},"s":{"0":2,"1":0},"f":{"0":0},"b":{"0":[0],"1":[0],"2":[0]},"_coverageSchema":"1a1c01bbd47fc00a2c39e90264f33305004495a9","hash":"7e5ff0b08c1e4eece1721de430f325e499dbd7db"}
,"/Users/rominkumarakoliya/Desktop/ChemTrack/frontend/assets/icons/ReturnIcon.tsx": {"path":"/Users/rominkumarakoliya/Desktop/ChemTrack/frontend/assets/icons/ReturnIcon.tsx","statementMap":{"0":{"start":{"line":4,"column":19},"end":{"line":13,"column":1}},"1":{"start":{"line":5,"column":4},"end":{"line":12,"column":10}}},"fnMap":{"0":{"name":"(anonymous_0)","decl":{"start":{"line":4,"column":19},"end":{"line":4,"column":20}},"loc":{"start":{"line":5,"column":4},"end":{"line":12,"column":10}},"line":5}},"branchMap":{"0":{"loc":{"start":{"line":4,"column":22},"end":{"line":4,"column":32}},"type":"default-arg","locations":[{"start":{"line":4,"column":30},"end":{"line":4,"column":32}}],"line":4},"1":{"loc":{"start":{"line":4,"column":34},"end":{"line":4,"column":45}},"type":"default-arg","locations":[{"start":{"line":4,"column":43},"end":{"line":4,"column":45}}],"line":4},"2":{"loc":{"start":{"line":4,"column":47},"end":{"line":4,"column":62}},"type":"default-arg","locations":[{"start":{"line":4,"column":55},"end":{"line":4,"column":62}}],"line":4}},"s":{"0":2,"1":14},"f":{"0":14},"b":{"0":[0],"1":[0],"2":[14]},"_coverageSchema":"1a1c01bbd47fc00a2c39e90264f33305004495a9","hash":"1611e0ce4a39a3140c3f45a3cd568d6b07fae3c3"}
,"/Users/rominkumarakoliya/Desktop/ChemTrack/frontend/assets/icons/SaveIcon.tsx": {"path":"/Users/rominkumarakoliya/Desktop/ChemTrack/frontend/assets/icons/SaveIcon.tsx","statementMap":{"0":{"start":{"line":6,"column":17},"end":{"line":21,"column":1}},"1":{"start":{"line":8,"column":4},"end":{"line":19,"column":10}}},"fnMap":{"0":{"name":"(anonymous_0)","decl":{"start":{"line":6,"column":17},"end":{"line":6,"column":18}},"loc":{"start":{"line":8,"column":4},"end":{"line":19,"column":10}},"line":8}},"branchMap":{"0":{"loc":{"start":{"line":6,"column":20},"end":{"line":6,"column":30}},"type":"default-arg","locations":[{"start":{"line":6,"column":28},"end":{"line":6,"column":30}}],"line":6},"1":{"loc":{"start":{"line":6,"column":32},"end":{"line":6,"column":43}},"type":"default-arg","locations":[{"start":{"line":6,"column":41},"end":{"line":6,"column":43}}],"line":6},"2":{"loc":{"start":{"line":6,"column":45},"end":{"line":6,"column":60}},"type":"default-arg","locations":[{"start":{"line":6,"column":53},"end":{"line":6,"column":60}}],"line":6}},"s":{"0":2,"1":14},"f":{"0":14},"b":{"0":[0],"1":[0],"2":[0]},"_coverageSchema":"1a1c01bbd47fc00a2c39e90264f33305004495a9","hash":"3eda24c66ea5544d82fd395fc063c84279512fd2"}
,"/Users/rominkumarakoliya/Desktop/ChemTrack/frontend/assets/icons/UploadIcon.tsx": {"path":"/Users/rominkumarakoliya/Desktop/ChemTrack/frontend/assets/icons/UploadIcon.tsx","statementMap":{"0":{"start":{"line":4,"column":19},"end":{"line":35,"column":1}},"1":{"start":{"line":5,"column":4},"end":{"line":34,"column":10}}},"fnMap":{"0":{"name":"(anonymous_0)","decl":{"start":{"line":4,"column":19},"end":{"line":4,"column":20}},"loc":{"start":{"line":5,"column":4},"end":{"line":34,"column":10}},"line":5}},"branchMap":{"0":{"loc":{"start":{"line":4,"column":22},"end":{"line":4,"column":32}},"type":"default-arg","locations":[{"start":{"line":4,"column":30},"end":{"line":4,"column":32}}],"line":4},"1":{"loc":{"start":{"line":4,"column":34},"end":{"line":4,"column":45}},"type":"default-arg","locations":[{"start":{"line":4,"column":43},"end":{"line":4,"column":45}}],"line":4},"2":{"loc":{"start":{"line":4,"column":47},"end":{"line":4,"column":62}},"type":"default-arg","locations":[{"start":{"line":4,"column":55},"end":{"line":4,"column":62}}],"line":4}},"s":{"0":2,"1":14},"f":{"0":14},"b":{"0":[0],"1":[0],"2":[14]},"_coverageSchema":"1a1c01bbd47fc00a2c39e90264f33305004495a9","hash":"83a03389e36fef3e9cc04503cc877a9d6b6171d7"}
,"/Users/rominkumarakoliya/Desktop/ChemTrack/frontend/components/BlueHeader.tsx": {"path":"/Users/rominkumarakoliya/Desktop/ChemTrack/frontend/components/BlueHeader.tsx","statementMap":{"0":{"start":{"line":16,"column":27},"end":{"line":16,"column":48}},"1":{"start":{"line":18,"column":4},"end":{"line":27,"column":5}},"2":{"start":{"line":30,"column":15},"end":{"line":65,"column":2}}},"fnMap":{"0":{"name":"BlueHeader","decl":{"start":{"line":13,"column":24},"end":{"line":13,"column":34}},"loc":{"start":{"line":13,"column":74},"end":{"line":28,"column":1}},"line":13}},"branchMap":{},"s":{"0":16,"1":16,"2":2},"f":{"0":16},"b":{},"_coverageSchema":"1a1c01bbd47fc00a2c39e90264f33305004495a9","hash":"0287bc5e3f6cbf31adbfa2960cb05e66bb2b2c76"}
,"/Users/rominkumarakoliya/Desktop/ChemTrack/frontend/components/CustomButton.tsx": {"path":"/Users/rominkumarakoliya/Desktop/ChemTrack/frontend/components/CustomButton.tsx","statementMap":{"0":{"start":{"line":32,"column":26},"end":{"line":32,"column":69}},"1":{"start":{"line":34,"column":2},"end":{"line":64,"column":4}},"2":{"start":{"line":67,"column":15},"end":{"line":88,"column":2}}},"fnMap":{"0":{"name":"CustomButton","decl":{"start":{"line":19,"column":24},"end":{"line":19,"column":36}},"loc":{"start":{"line":30,"column":16},"end":{"line":65,"column":1}},"line":30}},"branchMap":{"0":{"loc":{"start":{"line":25,"column":2},"end":{"line":25,"column":13}},"type":"default-arg","locations":[{"start":{"line":25,"column":11},"end":{"line":25,"column":13}}],"line":25},"1":{"loc":{"start":{"line":27,"column":2},"end":{"line":27,"column":23}},"type":"default-arg","locations":[{"start":{"line":27,"column":17},"end":{"line":27,"column":23}}],"line":27},"2":{"loc":{"start":{"line":28,"column":2},"end":{"line":28,"column":15}},"type":"default-arg","locations":[{"start":{"line":28,"column":13},"end":{"line":28,"column":15}}],"line":28},"3":{"loc":{"start":{"line":29,"column":2},"end":{"line":29,"column":24}},"type":"default-arg","locations":[{"start":{"line":29,"column":19},"end":{"line":29,"column":24}}],"line":29},"4":{"loc":{"start":{"line":32,"column":26},"end":{"line":32,"column":69}},"type":"cond-expr","locations":[{"start":{"line":32,"column":43},"end":{"line":32,"column":58}},{"start":{"line":32,"column":61},"end":{"line":32,"column":69}}],"line":32},"5":{"loc":{"start":{"line":38,"column":29},"end":{"line":38,"column":49}},"type":"binary-expr","locations":[{"start":{"line":38,"column":29},"end":{"line":38,"column":34}},{"start":{"line":38,"column":38},"end":{"line":38,"column":49}}],"line":38},"6":{"loc":{"start":{"line":44,"column":7},"end":{"line":48,"column":7}},"type":"binary-expr","locations":[{"start":{"line":44,"column":7},"end":{"line":44,"column":11}},{"start":{"line":44,"column":15},"end":{"line":44,"column":38}},{"start":{"line":45,"column":8},"end":{"line":47,"column":15}}],"line":44},"7":{"loc":{"start":{"line":53,"column":18},"end":{"line":53,"column":43}},"type":"binary-expr","locations":[{"start":{"line":53,"column":18},"end":{"line":53,"column":27}},{"start":{"line":53,"column":31},"end":{"line":53,"column":43}}],"line":53},"8":{"loc":{"start":{"line":54,"column":10},"end":{"line":54,"column":90}},"type":"cond-expr","locations":[{"start":{"line":54,"column":54},"end":{"line":54,"column":85}},{"start":{"line":54,"column":88},"end":{"line":54,"column":90}}],"line":54},"9":{"loc":{"start":{"line":54,"column":10},"end":{"line":54,"column":51}},"type":"binary-expr","locations":[{"start":{"line":54,"column":10},"end":{"line":54,"column":24}},{"start":{"line":54,"column":28},"end":{"line":54,"column":51}}],"line":54},"10":{"loc":{"start":{"line":55,"column":10},"end":{"line":55,"column":90}},"type":"cond-expr","locations":[{"start":{"line":55,"column":55},"end":{"line":55,"column":85}},{"start":{"line":55,"column":88},"end":{"line":55,"column":90}}],"line":55},"11":{"loc":{"start":{"line":55,"column":10},"end":{"line":55,"column":52}},"type":"binary-expr","locations":[{"start":{"line":55,"column":10},"end":{"line":55,"column":24}},{"start":{"line":55,"column":28},"end":{"line":55,"column":52}}],"line":55},"12":{"loc":{"start":{"line":58,"column":7},"end":{"line":62,"column":7}},"type":"binary-expr","locations":[{"start":{"line":58,"column":7},"end":{"line":58,"column":11}},{"start":{"line":58,"column":15},"end":{"line":58,"column":39}},{"start":{"line":59,"column":8},"end":{"line":61,"column":15}}],"line":58}},"s":{"0":54,"1":54,"2":3},"f":{"0":54},"b":{"0":[54],"1":[12],"2":[54],"3":[54],"4":[0,54],"5":[54,2],"6":[54,54,54],"7":[54,2],"8":[0,54],"9":[54,0],"10":[0,54],"11":[54,0],"12":[54,54,0]},"_coverageSchema":"1a1c01bbd47fc00a2c39e90264f33305004495a9","hash":"d863b63856b57826eef9619cf6eaecb88adaf031"}
,"/Users/rominkumarakoliya/Desktop/ChemTrack/frontend/components/StyledText.tsx": {"path":"/Users/rominkumarakoliya/Desktop/ChemTrack/frontend/components/StyledText.tsx","statementMap":{"0":{"start":{"line":4,"column":2},"end":{"line":4,"column":80}}},"fnMap":{"0":{"name":"MonoText","decl":{"start":{"line":3,"column":16},"end":{"line":3,"column":24}},"loc":{"start":{"line":3,"column":43},"end":{"line":5,"column":1}},"line":3}},"branchMap":{},"s":{"0":1},"f":{"0":1},"b":{},"_coverageSchema":"1a1c01bbd47fc00a2c39e90264f33305004495a9","hash":"471797582c1c1bccfcc21e1bbf57e0566f7967b0"}
,"/Users/rominkumarakoliya/Desktop/ChemTrack/frontend/components/TextInter.tsx": {"path":"/Users/rominkumarakoliya/Desktop/ChemTrack/frontend/components/TextInter.tsx","statementMap":{"0":{"start":{"line":11,"column":18},"end":{"line":58,"column":1}},"1":{"start":{"line":21,"column":59},"end":{"line":42,"column":7}},"2":{"start":{"line":45,"column":28},"end":{"line":45,"column":53}},"3":{"start":{"line":46,"column":41},"end":{"line":46,"column":56}},"4":{"start":{"line":47,"column":23},"end":{"line":47,"column":63}},"5":{"start":{"line":49,"column":4},"end":{"line":57,"column":5}}},"fnMap":{"0":{"name":"(anonymous_0)","decl":{"start":{"line":11,"column":18},"end":{"line":11,"column":19}},"loc":{"start":{"line":11,"column":64},"end":{"line":58,"column":1}},"line":11}},"branchMap":{"0":{"loc":{"start":{"line":11,"column":21},"end":{"line":11,"column":31}},"type":"default-arg","locations":[{"start":{"line":11,"column":29},"end":{"line":11,"column":31}}],"line":11},"1":{"loc":{"start":{"line":47,"column":43},"end":{"line":47,"column":62}},"type":"binary-expr","locations":[{"start":{"line":47,"column":43},"end":{"line":47,"column":53}},{"start":{"line":47,"column":57},"end":{"line":47,"column":62}}],"line":47}},"s":{"0":3,"1":398,"2":398,"3":398,"4":398,"5":398},"f":{"0":398},"b":{"0":[0],"1":[398,38]},"_coverageSchema":"1a1c01bbd47fc00a2c39e90264f33305004495a9","hash":"4df700ea38ab6ea19444d2429500e08467c1d56a"}
,"/Users/rominkumarakoliya/Desktop/ChemTrack/frontend/components/Themed.tsx": {"path":"/Users/rominkumarakoliya/Desktop/ChemTrack/frontend/components/Themed.tsx","statementMap":{"0":{"start":{"line":23,"column":16},"end":{"line":23,"column":43}},"1":{"start":{"line":24,"column":25},"end":{"line":24,"column":37}},"2":{"start":{"line":26,"column":2},"end":{"line":30,"column":3}},"3":{"start":{"line":27,"column":4},"end":{"line":27,"column":26}},"4":{"start":{"line":29,"column":4},"end":{"line":29,"column":36}},"5":{"start":{"line":34,"column":58},"end":{"line":34,"column":63}},"6":{"start":{"line":35,"column":16},"end":{"line":35,"column":77}},"7":{"start":{"line":37,"column":2},"end":{"line":37,"column":68}},"8":{"start":{"line":41,"column":58},"end":{"line":41,"column":63}},"9":{"start":{"line":42,"column":26},"end":{"line":42,"column":93}},"10":{"start":{"line":44,"column":2},"end":{"line":44,"column":78}}},"fnMap":{"0":{"name":"useThemeColor","decl":{"start":{"line":19,"column":16},"end":{"line":19,"column":29}},"loc":{"start":{"line":22,"column":2},"end":{"line":31,"column":1}},"line":22},"1":{"name":"Text","decl":{"start":{"line":33,"column":16},"end":{"line":33,"column":20}},"loc":{"start":{"line":33,"column":39},"end":{"line":38,"column":1}},"line":33},"2":{"name":"View","decl":{"start":{"line":40,"column":16},"end":{"line":40,"column":20}},"loc":{"start":{"line":40,"column":39},"end":{"line":45,"column":1}},"line":40}},"branchMap":{"0":{"loc":{"start":{"line":23,"column":16},"end":{"line":23,"column":43}},"type":"binary-expr","locations":[{"start":{"line":23,"column":16},"end":{"line":23,"column":32}},{"start":{"line":23,"column":36},"end":{"line":23,"column":43}}],"line":23},"1":{"loc":{"start":{"line":26,"column":2},"end":{"line":30,"column":3}},"type":"if","locations":[{"start":{"line":26,"column":2},"end":{"line":30,"column":3}},{"start":{"line":28,"column":9},"end":{"line":30,"column":3}}],"line":26}},"s":{"0":1,"1":1,"2":1,"3":0,"4":1,"5":1,"6":1,"7":1,"8":0,"9":0,"10":0},"f":{"0":1,"1":1,"2":0},"b":{"0":[1,0],"1":[0,1]},"_coverageSchema":"1a1c01bbd47fc00a2c39e90264f33305004495a9","hash":"54c794f37be59005d52cea5edda7a8810e3ce5d5"}
,"/Users/rominkumarakoliya/Desktop/ChemTrack/frontend/components/useColorScheme.ts": {"path":"/Users/rominkumarakoliya/Desktop/ChemTrack/frontend/components/useColorScheme.ts","statementMap":{},"fnMap":{},"branchMap":{},"s":{},"f":{},"b":{},"_coverageSchema":"1a1c01bbd47fc00a2c39e90264f33305004495a9","hash":"54b0e9e8a2e9ca63ca1596c209f0432cebe401e0"}
,"/Users/rominkumarakoliya/Desktop/ChemTrack/frontend/components/inputFields/CasTextBoxes.tsx": {"path":"/Users/rominkumarakoliya/Desktop/ChemTrack/frontend/components/inputFields/CasTextBoxes.tsx","statementMap":{"0":{"start":{"line":16,"column":8},"end":{"line":20,"column":9}},"1":{"start":{"line":23,"column":20},"end":{"line":27,"column":5}},"2":{"start":{"line":24,"column":8},"end":{"line":26,"column":9}},"3":{"start":{"line":30,"column":24},"end":{"line":38,"column":5}},"4":{"start":{"line":31,"column":28},"end":{"line":31,"column":41}},"5":{"start":{"line":32,"column":8},"end":{"line":32,"column":34}},"6":{"start":{"line":33,"column":8},"end":{"line":33,"column":32}},"7":{"start":{"line":35,"column":8},"end":{"line":37,"column":9}},"8":{"start":{"line":36,"column":12},"end":{"line":36,"column":47}},"9":{"start":{"line":41,"column":26},"end":{"line":45,"column":5}},"10":{"start":{"line":42,"column":8},"end":{"line":44,"column":9}},"11":{"start":{"line":43,"column":12},"end":{"line":43,"column":47}},"12":{"start":{"line":48,"column":24},"end":{"line":54,"column":5}},"13":{"start":{"line":49,"column":8},"end":{"line":53,"column":9}},"14":{"start":{"line":50,"column":12},"end":{"line":50,"column":47}},"15":{"start":{"line":52,"column":12},"end":{"line":52,"column":33}},"16":{"start":{"line":57,"column":23},"end":{"line":73,"column":5}},"17":{"start":{"line":58,"column":8},"end":{"line":72,"column":10}},"18":{"start":{"line":60,"column":45},"end":{"line":60,"column":81}},"19":{"start":{"line":65,"column":38},"end":{"line":65,"column":61}},"20":{"start":{"line":71,"column":37},"end":{"line":71,"column":55}},"21":{"start":{"line":75,"column":4},"end":{"line":83,"column":5}},"22":{"start":{"line":86,"column":15},"end":{"line":100,"column":2}}},"fnMap":{"0":{"name":"CasTextBoxes","decl":{"start":{"line":12,"column":24},"end":{"line":12,"column":36}},"loc":{"start":{"line":12,"column":83},"end":{"line":84,"column":1}},"line":12},"1":{"name":"(anonymous_1)","decl":{"start":{"line":23,"column":20},"end":{"line":23,"column":21}},"loc":{"start":{"line":23,"column":26},"end":{"line":27,"column":5}},"line":23},"2":{"name":"(anonymous_2)","decl":{"start":{"line":30,"column":24},"end":{"line":30,"column":25}},"loc":{"start":{"line":30,"column":77},"end":{"line":38,"column":5}},"line":30},"3":{"name":"(anonymous_3)","decl":{"start":{"line":41,"column":26},"end":{"line":41,"column":27}},"loc":{"start":{"line":41,"column":53},"end":{"line":45,"column":5}},"line":41},"4":{"name":"(anonymous_4)","decl":{"start":{"line":48,"column":24},"end":{"line":48,"column":25}},"loc":{"start":{"line":48,"column":43},"end":{"line":54,"column":5}},"line":48},"5":{"name":"(anonymous_5)","decl":{"start":{"line":57,"column":23},"end":{"line":57,"column":24}},"loc":{"start":{"line":58,"column":8},"end":{"line":72,"column":10}},"line":58},"6":{"name":"(anonymous_6)","decl":{"start":{"line":60,"column":26},"end":{"line":60,"column":27}},"loc":{"start":{"line":60,"column":45},"end":{"line":60,"column":81}},"line":60},"7":{"name":"(anonymous_7)","decl":{"start":{"line":65,"column":24},"end":{"line":65,"column":25}},"loc":{"start":{"line":65,"column":36},"end":{"line":65,"column":63}},"line":65},"8":{"name":"(anonymous_8)","decl":{"start":{"line":71,"column":29},"end":{"line":71,"column":30}},"loc":{"start":{"line":71,"column":35},"end":{"line":71,"column":57}},"line":71}},"branchMap":{"0":{"loc":{"start":{"line":35,"column":8},"end":{"line":37,"column":9}},"type":"if","locations":[{"start":{"line":35,"column":8},"end":{"line":37,"column":9}},{"start":{},"end":{}}],"line":35},"1":{"loc":{"start":{"line":35,"column":12},"end":{"line":35,"column":69}},"type":"binary-expr","locations":[{"start":{"line":35,"column":12},"end":{"line":35,"column":38}},{"start":{"line":35,"column":42},"end":{"line":35,"column":69}}],"line":35},"2":{"loc":{"start":{"line":42,"column":8},"end":{"line":44,"column":9}},"type":"if","locations":[{"start":{"line":42,"column":8},"end":{"line":44,"column":9}},{"start":{},"end":{}}],"line":42},"3":{"loc":{"start":{"line":42,"column":12},"end":{"line":42,"column":82}},"type":"binary-expr","locations":[{"start":{"line":42,"column":12},"end":{"line":42,"column":44}},{"start":{"line":42,"column":48},"end":{"line":42,"column":69}},{"start":{"line":42,"column":73},"end":{"line":42,"column":82}}],"line":42},"4":{"loc":{"start":{"line":49,"column":8},"end":{"line":53,"column":9}},"type":"if","locations":[{"start":{"line":49,"column":8},"end":{"line":53,"column":9}},{"start":{"line":51,"column":15},"end":{"line":53,"column":9}}],"line":49},"5":{"loc":{"start":{"line":70,"column":27},"end":{"line":70,"column":51}},"type":"cond-expr","locations":[{"start":{"line":70,"column":36},"end":{"line":70,"column":42}},{"start":{"line":70,"column":45},"end":{"line":70,"column":51}}],"line":70}},"s":{"0":0,"1":0,"2":0,"3":0,"4":0,"5":0,"6":0,"7":0,"8":0,"9":0,"10":0,"11":0,"12":0,"13":0,"14":0,"15":0,"16":0,"17":0,"18":0,"19":0,"20":0,"21":0,"22":1},"f":{"0":0,"1":0,"2":0,"3":0,"4":0,"5":0,"6":0,"7":0,"8":0},"b":{"0":[0,0],"1":[0,0],"2":[0,0],"3":[0,0,0],"4":[0,0],"5":[0,0]},"_coverageSchema":"1a1c01bbd47fc00a2c39e90264f33305004495a9","hash":"437b8055e0ad38c1b55734934a3ff6de531dc140"}
,"/Users/rominkumarakoliya/Desktop/ChemTrack/frontend/components/inputFields/CustomTextBox.tsx": {"path":"/Users/rominkumarakoliya/Desktop/ChemTrack/frontend/components/inputFields/CustomTextBox.tsx","statementMap":{"0":{"start":{"line":16,"column":22},"end":{"line":40,"column":1}},"1":{"start":{"line":18,"column":8},"end":{"line":38,"column":10}},"2":{"start":{"line":42,"column":15},"end":{"line":63,"column":2}}},"fnMap":{"0":{"name":"(anonymous_0)","decl":{"start":{"line":17,"column":4},"end":{"line":17,"column":5}},"loc":{"start":{"line":17,"column":67},"end":{"line":39,"column":5}},"line":17}},"branchMap":{"0":{"loc":{"start":{"line":19,"column":44},"end":{"line":19,"column":72}},"type":"binary-expr","locations":[{"start":{"line":19,"column":44},"end":{"line":19,"column":51}},{"start":{"line":19,"column":55},"end":{"line":19,"column":72}}],"line":19},"1":{"loc":{"start":{"line":25,"column":37},"end":{"line":25,"column":65}},"type":"cond-expr","locations":[{"start":{"line":25,"column":48},"end":{"line":25,"column":56}},{"start":{"line":25,"column":59},"end":{"line":25,"column":65}}],"line":25},"2":{"loc":{"start":{"line":26,"column":39},"end":{"line":26,"column":56}},"type":"cond-expr","locations":[{"start":{"line":26,"column":50},"end":{"line":26,"column":51}},{"start":{"line":26,"column":54},"end":{"line":26,"column":56}}],"line":26},"3":{"loc":{"start":{"line":32,"column":17},"end":{"line":35,"column":27}},"type":"binary-expr","locations":[{"start":{"line":32,"column":17},"end":{"line":32,"column":24}},{"start":{"line":33,"column":20},"end":{"line":35,"column":27}}],"line":32}},"s":{"0":3,"1":48,"2":3},"f":{"0":48},"b":{"0":[48,20],"1":[0,48],"2":[0,48],"3":[48,20]},"_coverageSchema":"1a1c01bbd47fc00a2c39e90264f33305004495a9","hash":"4214197d4e50f271a642e5b09a129519eb3e1283"}
,"/Users/rominkumarakoliya/Desktop/ChemTrack/frontend/components/inputFields/CustomTextHeader.tsx": {"path":"/Users/rominkumarakoliya/Desktop/ChemTrack/frontend/components/inputFields/CustomTextHeader.tsx","statementMap":{"0":{"start":{"line":10,"column":4},"end":{"line":12,"column":5}},"1":{"start":{"line":15,"column":15},"end":{"line":23,"column":2}}},"fnMap":{"0":{"name":"CustomTextHeader","decl":{"start":{"line":9,"column":24},"end":{"line":9,"column":40}},"loc":{"start":{"line":9,"column":70},"end":{"line":13,"column":1}},"line":9}},"branchMap":{},"s":{"0":176,"1":3},"f":{"0":176},"b":{},"_coverageSchema":"1a1c01bbd47fc00a2c39e90264f33305004495a9","hash":"942e0074462f605ccac56e10824f45081914fcad"}
,"/Users/rominkumarakoliya/Desktop/ChemTrack/frontend/components/inputFields/DateInput.tsx": {"path":"/Users/rominkumarakoliya/Desktop/ChemTrack/frontend/components/inputFields/DateInput.tsx","statementMap":{"0":{"start":{"line":19,"column":28},"end":{"line":19,"column":52}},"1":{"start":{"line":20,"column":22},"end":{"line":20,"column":47}},"2":{"start":{"line":22,"column":21},"end":{"line":25,"column":5}},"3":{"start":{"line":23,"column":8},"end":{"line":23,"column":22}},"4":{"start":{"line":24,"column":8},"end":{"line":24,"column":24}},"5":{"start":{"line":26,"column":4},"end":{"line":67,"column":5}},"6":{"start":{"line":30,"column":70},"end":{"line":30,"column":84}},"7":{"start":{"line":50,"column":83},"end":{"line":50,"column":100}},"8":{"start":{"line":61,"column":50},"end":{"line":61,"column":64}},"9":{"start":{"line":70,"column":15},"end":{"line":93,"column":2}}},"fnMap":{"0":{"name":"DateInput","decl":{"start":{"line":18,"column":24},"end":{"line":18,"column":33}},"loc":{"start":{"line":18,"column":96},"end":{"line":68,"column":1}},"line":18},"1":{"name":"(anonymous_1)","decl":{"start":{"line":22,"column":21},"end":{"line":22,"column":22}},"loc":{"start":{"line":22,"column":52},"end":{"line":25,"column":5}},"line":22},"2":{"name":"(anonymous_2)","decl":{"start":{"line":30,"column":62},"end":{"line":30,"column":63}},"loc":{"start":{"line":30,"column":68},"end":{"line":30,"column":86}},"line":30},"3":{"name":"(anonymous_3)","decl":{"start":{"line":50,"column":42},"end":{"line":50,"column":43}},"loc":{"start":{"line":50,"column":81},"end":{"line":50,"column":102}},"line":50},"4":{"name":"(anonymous_4)","decl":{"start":{"line":61,"column":42},"end":{"line":61,"column":43}},"loc":{"start":{"line":61,"column":48},"end":{"line":61,"column":66}},"line":61}},"branchMap":{"0":{"loc":{"start":{"line":27,"column":30},"end":{"line":27,"column":50}},"type":"binary-expr","locations":[{"start":{"line":27,"column":30},"end":{"line":27,"column":40}},{"start":{"line":27,"column":44},"end":{"line":27,"column":50}}],"line":27},"1":{"loc":{"start":{"line":30,"column":96},"end":{"line":30,"column":108}},"type":"binary-expr","locations":[{"start":{"line":30,"column":96},"end":{"line":30,"column":102}},{"start":{"line":30,"column":106},"end":{"line":30,"column":108}}],"line":30},"2":{"loc":{"start":{"line":41,"column":20},"end":{"line":63,"column":31}},"type":"cond-expr","locations":[{"start":{"line":41,"column":32},"end":{"line":52,"column":31}},{"start":{"line":52,"column":34},"end":{"line":63,"column":31}}],"line":41},"3":{"loc":{"start":{"line":41,"column":32},"end":{"line":52,"column":31}},"type":"binary-expr","locations":[{"start":{"line":41,"column":32},"end":{"line":41,"column":36}},{"start":{"line":43,"column":24},"end":{"line":52,"column":31}}],"line":41},"4":{"loc":{"start":{"line":43,"column":38},"end":{"line":43,"column":62}},"type":"binary-expr","locations":[{"start":{"line":43,"column":38},"end":{"line":43,"column":56}},{"start":{"line":43,"column":60},"end":{"line":43,"column":62}}],"line":43},"5":{"loc":{"start":{"line":47,"column":39},"end":{"line":47,"column":57}},"type":"binary-expr","locations":[{"start":{"line":47,"column":39},"end":{"line":47,"column":43}},{"start":{"line":47,"column":47},"end":{"line":47,"column":57}}],"line":47},"6":{"loc":{"start":{"line":52,"column":34},"end":{"line":63,"column":31}},"type":"binary-expr","locations":[{"start":{"line":52,"column":34},"end":{"line":52,"column":38}},{"start":{"line":55,"column":24},"end":{"line":63,"column":31}}],"line":52},"7":{"loc":{"start":{"line":55,"column":38},"end":{"line":55,"column":62}},"type":"binary-expr","locations":[{"start":{"line":55,"column":38},"end":{"line":55,"column":56}},{"start":{"line":55,"column":60},"end":{"line":55,"column":62}}],"line":55},"8":{"loc":{"start":{"line":57,"column":38},"end":{"line":57,"column":56}},"type":"binary-expr","locations":[{"start":{"line":57,"column":38},"end":{"line":57,"column":42}},{"start":{"line":57,"column":46},"end":{"line":57,"column":56}}],"line":57}},"s":{"0":28,"1":28,"2":28,"3":0,"4":0,"5":28,"6":0,"7":0,"8":0,"9":2},"f":{"0":28,"1":0,"2":0,"3":0,"4":0},"b":{"0":[28,0],"1":[28,28],"2":[0,28],"3":[0,0],"4":[0,0],"5":[0,0],"6":[28,0],"7":[0,0],"8":[0,0]},"_coverageSchema":"1a1c01bbd47fc00a2c39e90264f33305004495a9","hash":"d2e3be197d4c7f64bae1b72ee3c57a03b9fb9bdb"}
,"/Users/rominkumarakoliya/Desktop/ChemTrack/frontend/components/inputFields/DropdownInput.tsx": {"path":"/Users/rominkumarakoliya/Desktop/ChemTrack/frontend/components/inputFields/DropdownInput.tsx","statementMap":{"0":{"start":{"line":17,"column":38},"end":{"line":17,"column":63}},"1":{"start":{"line":19,"column":21},"end":{"line":32,"column":5}},"2":{"start":{"line":20,"column":8},"end":{"line":20,"column":28}},"3":{"start":{"line":21,"column":8},"end":{"line":31,"column":9}},"4":{"start":{"line":22,"column":12},"end":{"line":22,"column":37}},"5":{"start":{"line":23,"column":15},"end":{"line":31,"column":9}},"6":{"start":{"line":24,"column":12},"end":{"line":24,"column":38}},"7":{"start":{"line":25,"column":15},"end":{"line":31,"column":9}},"8":{"start":{"line":26,"column":12},"end":{"line":26,"column":39}},"9":{"start":{"line":27,"column":15},"end":{"line":31,"column":9}},"10":{"start":{"line":28,"column":12},"end":{"line":28,"column":36}},"11":{"start":{"line":30,"column":12},"end":{"line":30,"column":33}},"12":{"start":{"line":34,"column":4},"end":{"line":51,"column":5}},"13":{"start":{"line":47,"column":16},"end":{"line":47,"column":30}},"14":{"start":{"line":54,"column":15},"end":{"line":77,"column":2}}},"fnMap":{"0":{"name":"DropdownInput","decl":{"start":{"line":16,"column":24},"end":{"line":16,"column":37}},"loc":{"start":{"line":16,"column":89},"end":{"line":52,"column":1}},"line":16},"1":{"name":"(anonymous_1)","decl":{"start":{"line":19,"column":21},"end":{"line":19,"column":22}},"loc":{"start":{"line":19,"column":37},"end":{"line":32,"column":5}},"line":19},"2":{"name":"(anonymous_2)","decl":{"start":{"line":46,"column":22},"end":{"line":46,"column":23}},"loc":{"start":{"line":46,"column":30},"end":{"line":48,"column":13}},"line":46}},"branchMap":{"0":{"loc":{"start":{"line":21,"column":8},"end":{"line":31,"column":9}},"type":"if","locations":[{"start":{"line":21,"column":8},"end":{"line":31,"column":9}},{"start":{"line":23,"column":15},"end":{"line":31,"column":9}}],"line":21},"1":{"loc":{"start":{"line":23,"column":15},"end":{"line":31,"column":9}},"type":"if","locations":[{"start":{"line":23,"column":15},"end":{"line":31,"column":9}},{"start":{"line":25,"column":15},"end":{"line":31,"column":9}}],"line":23},"2":{"loc":{"start":{"line":25,"column":15},"end":{"line":31,"column":9}},"type":"if","locations":[{"start":{"line":25,"column":15},"end":{"line":31,"column":9}},{"start":{"line":27,"column":15},"end":{"line":31,"column":9}}],"line":25},"3":{"loc":{"start":{"line":27,"column":15},"end":{"line":31,"column":9}},"type":"if","locations":[{"start":{"line":27,"column":15},"end":{"line":31,"column":9}},{"start":{"line":29,"column":15},"end":{"line":31,"column":9}}],"line":27},"4":{"loc":{"start":{"line":49,"column":20},"end":{"line":49,"column":32}},"type":"binary-expr","locations":[{"start":{"line":49,"column":20},"end":{"line":49,"column":26}},{"start":{"line":49,"column":30},"end":{"line":49,"column":32}}],"line":49}},"s":{"0":30,"1":30,"2":0,"3":0,"4":0,"5":0,"6":0,"7":0,"8":0,"9":0,"10":0,"11":0,"12":30,"13":0,"14":2},"f":{"0":30,"1":0,"2":0},"b":{"0":[0,0],"1":[0,0],"2":[0,0],"3":[0,0],"4":[30,30]},"_coverageSchema":"1a1c01bbd47fc00a2c39e90264f33305004495a9","hash":"1975b3311d998591bf186eeb90922b6ec695c023"}
,"/Users/rominkumarakoliya/Desktop/ChemTrack/frontend/components/inputFields/HeaderTextInput.tsx": {"path":"/Users/rominkumarakoliya/Desktop/ChemTrack/frontend/components/inputFields/HeaderTextInput.tsx","statementMap":{"0":{"start":{"line":22,"column":4},"end":{"line":44,"column":6}},"1":{"start":{"line":47,"column":15},"end":{"line":69,"column":2}}},"fnMap":{"0":{"name":"HeaderTextInput","decl":{"start":{"line":21,"column":24},"end":{"line":21,"column":39}},"loc":{"start":{"line":21,"column":148},"end":{"line":45,"column":1}},"line":21}},"branchMap":{"0":{"loc":{"start":{"line":21,"column":107},"end":{"line":21,"column":123}},"type":"default-arg","locations":[{"start":{"line":21,"column":118},"end":{"line":21,"column":123}}],"line":21},"1":{"loc":{"start":{"line":24,"column":30},"end":{"line":24,"column":50}},"type":"binary-expr","locations":[{"start":{"line":24,"column":30},"end":{"line":24,"column":40}},{"start":{"line":24,"column":44},"end":{"line":24,"column":50}}],"line":24},"2":{"loc":{"start":{"line":28,"column":16},"end":{"line":41,"column":129}},"type":"cond-expr","locations":[{"start":{"line":29,"column":20},"end":{"line":38,"column":27}},{"start":{"line":41,"column":20},"end":{"line":41,"column":129}}],"line":28}},"s":{"0":90,"1":3},"f":{"0":90},"b":{"0":[90],"1":[90,34],"2":[42,48]},"_coverageSchema":"1a1c01bbd47fc00a2c39e90264f33305004495a9","hash":"a83d0e28ad65a6b9318b0a6cbb7b409cf2576d1c"}
,"/Users/rominkumarakoliya/Desktop/ChemTrack/frontend/constants/Colors.ts": {"path":"/Users/rominkumarakoliya/Desktop/ChemTrack/frontend/constants/Colors.ts","statementMap":{"0":{"start":{"line":2,"column":23},"end":{"line":2,"column":32}},"1":{"start":{"line":3,"column":22},"end":{"line":3,"column":28}},"2":{"start":{"line":5,"column":15},"end":{"line":42,"column":1}}},"fnMap":{},"branchMap":{},"s":{"0":4,"1":4,"2":4},"f":{},"b":{},"_coverageSchema":"1a1c01bbd47fc00a2c39e90264f33305004495a9","hash":"b664b32cb765f3f91ad7a4026a73974b6d501d1c"}
,"/Users/rominkumarakoliya/Desktop/ChemTrack/frontend/constants/Size.ts": {"path":"/Users/rominkumarakoliya/Desktop/ChemTrack/frontend/constants/Size.ts","statementMap":{"0":{"start":{"line":8,"column":19},"end":{"line":8,"column":22}},"1":{"start":{"line":9,"column":20},"end":{"line":9,"column":23}},"2":{"start":{"line":11,"column":19},"end":{"line":11,"column":62}},"3":{"start":{"line":12,"column":20},"end":{"line":12,"column":65}},"4":{"start":{"line":16,"column":13},"end":{"line":19,"column":1}},"5":{"start":{"line":17,"column":30},"end":{"line":17,"column":62}},"6":{"start":{"line":18,"column":31},"end":{"line":18,"column":64}}},"fnMap":{"0":{"name":"(anonymous_0)","decl":{"start":{"line":17,"column":11},"end":{"line":17,"column":12}},"loc":{"start":{"line":17,"column":30},"end":{"line":17,"column":62}},"line":17},"1":{"name":"(anonymous_1)","decl":{"start":{"line":18,"column":12},"end":{"line":18,"column":13}},"loc":{"start":{"line":18,"column":31},"end":{"line":18,"column":64}},"line":18}},"branchMap":{},"s":{"0":3,"1":3,"2":3,"3":3,"4":3,"5":262,"6":102},"f":{"0":262,"1":102},"b":{},"_coverageSchema":"1a1c01bbd47fc00a2c39e90264f33305004495a9","hash":"be76c3bb2a39258dced23a39838455ef28819444"}
,"/Users/rominkumarakoliya/Desktop/ChemTrack/frontend/functions/EmailRegex.tsx": {"path":"/Users/rominkumarakoliya/Desktop/ChemTrack/frontend/functions/EmailRegex.tsx","statementMap":{"0":{"start":{"line":9,"column":19},"end":{"line":14,"column":1}},"1":{"start":{"line":10,"column":4},"end":{"line":13,"column":16}},"2":{"start":{"line":11,"column":8},"end":{"line":12,"column":74}}},"fnMap":{"0":{"name":"(anonymous_0)","decl":{"start":{"line":9,"column":19},"end":{"line":9,"column":20}},"loc":{"start":{"line":9,"column":68},"end":{"line":14,"column":1}},"line":9},"1":{"name":"(anonymous_1)","decl":{"start":{"line":10,"column":14},"end":{"line":10,"column":15}},"loc":{"start":{"line":10,"column":20},"end":{"line":13,"column":5}},"line":10}},"branchMap":{"0":{"loc":{"start":{"line":11,"column":8},"end":{"line":12,"column":73}},"type":"cond-expr","locations":[{"start":{"line":12,"column":27},"end":{"line":12,"column":48}},{"start":{"line":12,"column":51},"end":{"line":12,"column":73}}],"line":11}},"s":{"0":1,"1":10,"2":6},"f":{"0":10,"1":6},"b":{"0":[2,4]},"_coverageSchema":"1a1c01bbd47fc00a2c39e90264f33305004495a9","hash":"37a42d0f741ff329655aa33662bb59d471acfc87"}
,"/Users/rominkumarakoliya/Desktop/ChemTrack/frontend/functions/fetchSchool.tsx": {"path":"/Users/rominkumarakoliya/Desktop/ChemTrack/frontend/functions/fetchSchool.tsx","statementMap":{"0":{"start":{"line":5,"column":21},"end":{"line":22,"column":1}},"1":{"start":{"line":6,"column":20},"end":{"line":6,"column":63}},"2":{"start":{"line":7,"column":4},"end":{"line":21,"column":5}},"3":{"start":{"line":8,"column":25},"end":{"line":8,"column":71}},"4":{"start":{"line":9,"column":24},"end":{"line":9,"column":45}},"5":{"start":{"line":10,"column":25},"end":{"line":10,"column":27}},"6":{"start":{"line":11,"column":8},"end":{"line":15,"column":9}},"7":{"start":{"line":11,"column":21},"end":{"line":11,"column":22}},"8":{"start":{"line":12,"column":12},"end":{"line":14,"column":13}},"9":{"start":{"line":13,"column":16},"end":{"line":13,"column":74}},"10":{"start":{"line":16,"column":8},"end":{"line":16,"column":26}},"11":{"start":{"line":19,"column":8},"end":{"line":19,"column":48}},"12":{"start":{"line":20,"column":8},"end":{"line":20,"column":17}},"13":{"start":{"line":25,"column":24},"end":{"line":33,"column":1}},"14":{"start":{"line":26,"column":4},"end":{"line":32,"column":5}},"15":{"start":{"line":27,"column":21},"end":{"line":27,"column":41}},"16":{"start":{"line":28,"column":8},"end":{"line":28,"column":28}},"17":{"start":{"line":30,"column":8},"end":{"line":30,"column":56}},"18":{"start":{"line":31,"column":8},"end":{"line":31,"column":55}}},"fnMap":{"0":{"name":"(anonymous_0)","decl":{"start":{"line":5,"column":21},"end":{"line":5,"column":22}},"loc":{"start":{"line":5,"column":33},"end":{"line":22,"column":1}},"line":5},"1":{"name":"(anonymous_1)","decl":{"start":{"line":25,"column":24},"end":{"line":25,"column":25}},"loc":{"start":{"line":25,"column":93},"end":{"line":33,"column":1}},"line":25}},"branchMap":{"0":{"loc":{"start":{"line":12,"column":12},"end":{"line":14,"column":13}},"type":"if","locations":[{"start":{"line":12,"column":12},"end":{"line":14,"column":13}},{"start":{},"end":{}}],"line":12}},"s":{"0":2,"1":0,"2":0,"3":0,"4":0,"5":0,"6":0,"7":0,"8":0,"9":0,"10":0,"11":0,"12":0,"13":2,"14":0,"15":0,"16":0,"17":0,"18":0},"f":{"0":0,"1":0},"b":{"0":[0,0]},"_coverageSchema":"1a1c01bbd47fc00a2c39e90264f33305004495a9","hash":"08aa7ff55e21cd31b961787946ed7698d7e4248f"}
}
