TN:
SF:app/(auth)/login.tsx
FN:13,LoginPage
FN:24,(anonymous_1)
FN:99,(anonymous_2)
FN:113,(anonymous_3)
FN:133,(anonymous_4)
FNF:5
FNH:4
FNDA:10,LoginPage
FNDA:3,(anonymous_1)
FNDA:2,(anonymous_2)
FNDA:2,(anonymous_3)
FNDA:0,(anonymous_4)
DA:14,10
DA:15,10
DA:16,10
DA:17,10
DA:19,10
DA:20,10
DA:22,10
DA:24,10
DA:25,3
DA:26,1
DA:27,1
DA:30,2
DA:32,2
DA:34,2
DA:43,2
DA:44,1
DA:45,1
DA:46,1
DA:50,1
DA:51,1
DA:54,1
DA:66,1
DA:69,1
DA:73,0
DA:74,0
DA:79,10
DA:99,2
DA:113,2
DA:133,0
DA:143,1
LF:30
LH:27
BRDA:25,0,0,1
BRDA:25,0,1,2
BRDA:25,1,0,3
BRDA:25,1,1,2
BRDA:25,1,2,2
BRDA:43,2,0,1
BRDA:43,2,1,1
BRDA:45,3,0,1
BRDA:45,3,1,0
BRDA:127,4,0,8
BRDA:127,4,1,2
BRDA:127,5,0,10
BRDA:127,5,1,2
BRDA:128,6,0,8
BRDA:128,6,1,2
BRDA:128,7,0,10
BRDA:128,7,1,2
BRDA:129,8,0,8
BRDA:129,8,1,2
BRDA:129,9,0,10
BRDA:129,9,1,2
BRF:21
BRH:20
end_of_record
TN:
SF:app/(tabs)/editChemical.tsx
FN:22,editChemicals
FN:60,(anonymous_1)
FN:91,(anonymous_2)
FN:102,(anonymous_3)
FN:141,(anonymous_4)
FN:151,(anonymous_5)
FN:152,(anonymous_6)
FN:153,(anonymous_7)
FN:154,(anonymous_8)
FN:160,(anonymous_9)
FN:162,(anonymous_10)
FN:210,(anonymous_11)
FN:225,(anonymous_12)
FN:237,(anonymous_13)
FN:261,(anonymous_14)
FN:280,(anonymous_15)
FN:281,(anonymous_16)
FN:282,(anonymous_17)
FNF:18
FNH:1
FNDA:34,editChemicals
FNDA:0,(anonymous_1)
FNDA:0,(anonymous_2)
FNDA:0,(anonymous_3)
FNDA:0,(anonymous_4)
FNDA:0,(anonymous_5)
FNDA:0,(anonymous_6)
FNDA:0,(anonymous_7)
FNDA:0,(anonymous_8)
FNDA:0,(anonymous_9)
FNDA:0,(anonymous_10)
FNDA:0,(anonymous_11)
FNDA:0,(anonymous_12)
FNDA:0,(anonymous_13)
FNDA:0,(anonymous_14)
FNDA:0,(anonymous_15)
FNDA:0,(anonymous_16)
FNDA:0,(anonymous_17)
DA:23,34
DA:24,32
DA:25,32
DA:26,32
DA:27,32
DA:28,32
DA:29,32
DA:30,32
DA:31,32
DA:32,32
DA:33,32
DA:34,32
DA:35,32
DA:36,32
DA:38,32
DA:39,32
DA:40,16
DA:41,16
DA:43,16
DA:45,16
DA:52,16
DA:60,16
DA:61,0
DA:62,0
DA:64,0
DA:70,0
DA:72,0
DA:73,0
DA:74,0
DA:75,0
DA:76,0
DA:77,0
DA:78,0
DA:80,0
DA:81,0
DA:84,0
DA:89,16
DA:91,16
DA:92,0
DA:93,0
DA:95,0
DA:96,0
DA:102,16
DA:103,0
DA:104,0
DA:105,0
DA:106,0
DA:108,0
DA:109,0
DA:110,0
DA:111,0
DA:112,0
DA:113,0
DA:114,0
DA:115,0
DA:116,0
DA:117,0
DA:118,0
DA:119,0
DA:128,0
DA:129,0
DA:130,0
DA:132,0
DA:133,0
DA:136,0
DA:137,0
DA:141,16
DA:142,0
DA:146,16
DA:147,16
DA:148,16
DA:149,16
DA:151,16
DA:152,0
DA:153,0
DA:154,0
DA:156,0
DA:160,16
DA:161,0
DA:162,0
DA:163,0
DA:165,0
DA:178,0
DA:179,0
DA:190,0
DA:192,0
DA:193,0
DA:194,0
DA:195,0
DA:196,0
DA:198,0
DA:199,0
DA:202,0
DA:203,0
DA:206,0
DA:210,16
DA:211,0
DA:212,0
DA:213,0
DA:214,0
DA:215,0
DA:216,0
DA:217,0
DA:218,0
DA:219,0
DA:220,0
DA:221,0
DA:222,0
DA:225,16
DA:226,0
DA:229,16
DA:237,0
DA:261,0
DA:280,0
DA:281,0
DA:282,0
DA:333,2
LF:117
LH:36
BRDA:40,0,0,0
BRDA:40,0,1,16
BRDA:61,1,0,0
BRDA:61,1,1,0
BRDA:61,2,0,0
BRDA:61,2,1,0
BRDA:61,2,2,0
BRDA:70,3,0,0
BRDA:70,3,1,0
BRDA:92,4,0,0
BRDA:92,4,1,0
BRDA:92,5,0,0
BRDA:92,5,1,0
BRDA:92,5,2,0
BRDA:92,5,3,0
BRDA:95,6,0,0
BRDA:95,6,1,0
BRDA:108,7,0,0
BRDA:108,7,1,0
BRDA:110,8,0,0
BRDA:110,8,1,0
BRDA:111,9,0,0
BRDA:111,9,1,0
BRDA:112,10,0,0
BRDA:112,10,1,0
BRDA:113,11,0,0
BRDA:113,11,1,0
BRDA:114,12,0,0
BRDA:114,12,1,0
BRDA:115,13,0,0
BRDA:115,13,1,0
BRDA:116,14,0,0
BRDA:116,14,1,0
BRDA:117,15,0,0
BRDA:117,15,1,0
BRDA:118,16,0,0
BRDA:118,16,1,0
BRDA:120,17,0,0
BRDA:120,17,1,0
BRDA:120,18,0,0
BRDA:120,18,1,0
BRDA:121,19,0,0
BRDA:121,19,1,0
BRDA:122,20,0,0
BRDA:122,20,1,0
BRDA:123,21,0,0
BRDA:123,21,1,0
BRDA:125,22,0,0
BRDA:125,22,1,0
BRDA:125,23,0,0
BRDA:125,23,1,0
BRDA:128,24,0,0
BRDA:128,24,1,0
BRDA:129,25,0,0
BRDA:129,25,1,0
BRDA:156,26,0,0
BRDA:156,26,1,0
BRDA:156,26,2,0
BRDA:156,26,3,0
BRDA:161,27,0,0
BRDA:161,27,1,0
BRDA:161,28,0,0
BRDA:161,28,1,0
BRDA:161,28,2,0
BRDA:161,28,3,0
BRDA:163,29,0,0
BRDA:163,29,1,0
BRDA:192,30,0,0
BRDA:192,30,1,0
BRDA:231,31,0,14
BRDA:231,31,1,2
BRDA:231,32,0,16
BRDA:231,32,1,16
BRDA:231,32,2,4
BRDA:233,33,0,14
BRDA:233,33,1,14
BRDA:269,34,0,14
BRDA:269,34,1,14
BRDA:269,34,2,2
BRDA:290,35,0,0
BRDA:290,35,1,14
BRDA:293,36,0,0
BRDA:293,36,1,14
BRDA:295,37,0,0
BRDA:295,37,1,14
BRDA:296,38,0,0
BRDA:296,38,1,14
BRDA:305,39,0,0
BRDA:305,39,1,14
BRDA:306,40,0,0
BRDA:306,40,1,14
BRDA:309,41,0,0
BRDA:309,41,1,14
BRF:93
BRH:18
end_of_record
TN:
SF:app/(tabs)/errorPage.tsx
FN:10,ErrorPage
FN:15,(anonymous_1)
FN:21,(anonymous_2)
FNF:3
FNH:1
FNDA:3,ErrorPage
FNDA:0,(anonymous_1)
FNDA:0,(anonymous_2)
DA:11,3
DA:13,3
DA:15,0
DA:21,0
DA:31,2
LF:5
LH:3
BRF:0
BRH:0
end_of_record
TN:
SF:assets/icons/CalendarIcon.tsx
FN:5,(anonymous_0)
FNF:1
FNH:1
FNDA:28,(anonymous_0)
DA:5,2
DA:7,28
LF:2
LH:2
BRDA:5,0,0,28
BRDA:5,1,0,28
BRDA:5,2,0,0
BRF:3
BRH:2
end_of_record
TN:
SF:assets/icons/HomeIcon.tsx
FN:4,(anonymous_0)
FNF:1
FNH:1
FNDA:2,(anonymous_0)
DA:4,2
DA:5,2
LF:2
LH:2
BRDA:4,0,0,0
BRDA:4,1,0,0
BRDA:4,2,0,0
BRF:3
BRH:0
end_of_record
TN:
SF:assets/icons/LoginIcon.tsx
FN:6,(anonymous_0)
FNF:1
FNH:1
FNDA:10,(anonymous_0)
DA:6,1
DA:7,10
LF:2
LH:2
BRDA:6,0,0,0
BRDA:6,1,0,0
BRDA:6,2,0,0
BRF:3
BRH:0
end_of_record
TN:
SF:assets/icons/PencilIcon.tsx
FN:4,(anonymous_0)
FNF:1
FNH:1
FNDA:20,(anonymous_0)
DA:4,3
DA:5,20
LF:2
LH:2
BRDA:4,0,0,0
BRDA:4,1,0,0
BRDA:4,2,0,0
BRF:3
BRH:0
end_of_record
TN:
SF:assets/icons/ResetIcon.tsx
FN:4,(anonymous_0)
FNF:1
FNH:0
FNDA:0,(anonymous_0)
DA:4,2
DA:5,0
LF:2
LH:1
BRDA:4,0,0,0
BRDA:4,1,0,0
BRDA:4,2,0,0
BRF:3
BRH:0
end_of_record
TN:
SF:assets/icons/ReturnIcon.tsx
FN:4,(anonymous_0)
FNF:1
FNH:1
FNDA:14,(anonymous_0)
DA:4,2
DA:5,14
LF:2
LH:2
BRDA:4,0,0,0
BRDA:4,1,0,0
BRDA:4,2,0,14
BRF:3
BRH:1
end_of_record
TN:
SF:assets/icons/SaveIcon.tsx
FN:6,(anonymous_0)
FNF:1
FNH:1
FNDA:14,(anonymous_0)
DA:6,2
DA:8,14
LF:2
LH:2
BRDA:6,0,0,0
BRDA:6,1,0,0
BRDA:6,2,0,0
BRF:3
BRH:0
end_of_record
TN:
SF:assets/icons/UploadIcon.tsx
FN:4,(anonymous_0)
FNF:1
FNH:1
FNDA:14,(anonymous_0)
DA:4,2
DA:5,14
LF:2
LH:2
BRDA:4,0,0,0
BRDA:4,1,0,0
BRDA:4,2,0,14
BRF:3
BRH:1
end_of_record
TN:
SF:components/BlueHeader.tsx
FN:13,BlueHeader
FNF:1
FNH:1
FNDA:16,BlueHeader
DA:16,16
DA:18,16
DA:30,2
LF:3
LH:3
BRF:0
BRH:0
end_of_record
TN:
SF:components/CustomButton.tsx
FN:19,CustomButton
FNF:1
FNH:1
FNDA:54,CustomButton
DA:32,54
DA:34,54
DA:67,3
LF:3
LH:3
BRDA:25,0,0,54
BRDA:27,1,0,12
BRDA:28,2,0,54
BRDA:29,3,0,54
BRDA:32,4,0,0
BRDA:32,4,1,54
BRDA:38,5,0,54
BRDA:38,5,1,2
BRDA:44,6,0,54
BRDA:44,6,1,54
BRDA:44,6,2,54
BRDA:53,7,0,54
BRDA:53,7,1,2
BRDA:54,8,0,0
BRDA:54,8,1,54
BRDA:54,9,0,54
BRDA:54,9,1,0
BRDA:55,10,0,0
BRDA:55,10,1,54
BRDA:55,11,0,54
BRDA:55,11,1,0
BRDA:58,12,0,54
BRDA:58,12,1,54
BRDA:58,12,2,0
BRF:24
BRH:18
end_of_record
TN:
SF:components/StyledText.tsx
FN:3,MonoText
FNF:1
FNH:1
FNDA:1,MonoText
DA:4,1
LF:1
LH:1
BRF:0
BRH:0
end_of_record
TN:
SF:components/TextInter.tsx
FN:11,(anonymous_0)
FNF:1
FNH:1
FNDA:398,(anonymous_0)
DA:11,3
DA:21,398
DA:45,398
DA:46,398
DA:47,398
DA:49,398
LF:6
LH:6
BRDA:11,0,0,0
BRDA:47,1,0,398
BRDA:47,1,1,38
BRF:3
BRH:2
end_of_record
TN:
SF:components/Themed.tsx
FN:19,useThemeColor
FN:33,Text
FN:40,View
FNF:3
FNH:2
FNDA:1,useThemeColor
FNDA:1,Text
FNDA:0,View
DA:23,1
DA:24,1
DA:26,1
DA:27,0
DA:29,1
DA:34,1
DA:35,1
DA:37,1
DA:41,0
DA:42,0
DA:44,0
LF:11
LH:7
BRDA:23,0,0,1
BRDA:23,0,1,0
BRDA:26,1,0,0
BRDA:26,1,1,1
BRF:4
BRH:2
end_of_record
TN:
SF:components/useColorScheme.ts
FNF:0
FNH:0
LF:0
LH:0
BRF:0
BRH:0
end_of_record
TN:
SF:components/inputFields/CasTextBoxes.tsx
FN:12,CasTextBoxes
FN:23,(anonymous_1)
FN:30,(anonymous_2)
FN:41,(anonymous_3)
FN:48,(anonymous_4)
FN:57,(anonymous_5)
FN:60,(anonymous_6)
FN:65,(anonymous_7)
FN:71,(anonymous_8)
FNF:9
FNH:0
FNDA:0,CasTextBoxes
FNDA:0,(anonymous_1)
FNDA:0,(anonymous_2)
FNDA:0,(anonymous_3)
FNDA:0,(anonymous_4)
FNDA:0,(anonymous_5)
FNDA:0,(anonymous_6)
FNDA:0,(anonymous_7)
FNDA:0,(anonymous_8)
DA:16,0
DA:23,0
DA:24,0
DA:30,0
DA:31,0
DA:32,0
DA:33,0
DA:35,0
DA:36,0
DA:41,0
DA:42,0
DA:43,0
DA:48,0
DA:49,0
DA:50,0
DA:52,0
DA:57,0
DA:58,0
DA:60,0
DA:65,0
DA:71,0
DA:75,0
DA:86,1
LF:23
LH:1
BRDA:35,0,0,0
BRDA:35,0,1,0
BRDA:35,1,0,0
BRDA:35,1,1,0
BRDA:42,2,0,0
BRDA:42,2,1,0
BRDA:42,3,0,0
BRDA:42,3,1,0
BRDA:42,3,2,0
BRDA:49,4,0,0
BRDA:49,4,1,0
BRDA:70,5,0,0
BRDA:70,5,1,0
BRF:13
BRH:0
end_of_record
TN:
SF:components/inputFields/CustomTextBox.tsx
FN:17,(anonymous_0)
FNF:1
FNH:1
FNDA:48,(anonymous_0)
DA:16,3
DA:18,48
DA:42,3
LF:3
LH:3
BRDA:19,0,0,48
BRDA:19,0,1,20
BRDA:25,1,0,0
BRDA:25,1,1,48
BRDA:26,2,0,0
BRDA:26,2,1,48
BRDA:32,3,0,48
BRDA:32,3,1,20
BRF:8
BRH:6
end_of_record
TN:
SF:components/inputFields/CustomTextHeader.tsx
FN:9,CustomTextHeader
FNF:1
FNH:1
FNDA:176,CustomTextHeader
DA:10,176
DA:15,3
LF:2
LH:2
BRF:0
BRH:0
end_of_record
TN:
SF:components/inputFields/DateInput.tsx
FN:18,DateInput
FN:22,(anonymous_1)
FN:30,(anonymous_2)
FN:50,(anonymous_3)
FN:61,(anonymous_4)
FNF:5
FNH:1
FNDA:28,DateInput
FNDA:0,(anonymous_1)
FNDA:0,(anonymous_2)
FNDA:0,(anonymous_3)
FNDA:0,(anonymous_4)
DA:19,28
DA:20,28
DA:22,28
DA:23,0
DA:24,0
DA:26,28
DA:30,0
DA:50,0
DA:61,0
DA:70,2
LF:10
LH:5
BRDA:27,0,0,28
BRDA:27,0,1,0
BRDA:30,1,0,28
BRDA:30,1,1,28
BRDA:41,2,0,0
BRDA:41,2,1,28
BRDA:41,3,0,0
BRDA:41,3,1,0
BRDA:43,4,0,0
BRDA:43,4,1,0
BRDA:47,5,0,0
BRDA:47,5,1,0
BRDA:52,6,0,28
BRDA:52,6,1,0
BRDA:55,7,0,0
BRDA:55,7,1,0
BRDA:57,8,0,0
BRDA:57,8,1,0
BRF:18
BRH:5
end_of_record
TN:
SF:components/inputFields/DropdownInput.tsx
FN:16,DropdownInput
FN:19,(anonymous_1)
FN:46,(anonymous_2)
FNF:3
FNH:1
FNDA:30,DropdownInput
FNDA:0,(anonymous_1)
FNDA:0,(anonymous_2)
DA:17,30
DA:19,30
DA:20,0
DA:21,0
DA:22,0
DA:23,0
DA:24,0
DA:25,0
DA:26,0
DA:27,0
DA:28,0
DA:30,0
DA:34,30
DA:47,0
DA:54,2
LF:15
LH:4
BRDA:21,0,0,0
BRDA:21,0,1,0
BRDA:23,1,0,0
BRDA:23,1,1,0
BRDA:25,2,0,0
BRDA:25,2,1,0
BRDA:27,3,0,0
BRDA:27,3,1,0
BRDA:49,4,0,30
BRDA:49,4,1,30
BRF:10
BRH:2
end_of_record
TN:
SF:components/inputFields/HeaderTextInput.tsx
FN:21,HeaderTextInput
FNF:1
FNH:1
FNDA:90,HeaderTextInput
DA:22,90
DA:47,3
LF:2
LH:2
BRDA:21,0,0,90
BRDA:24,1,0,90
BRDA:24,1,1,34
BRDA:28,2,0,42
BRDA:28,2,1,48
BRF:5
BRH:5
end_of_record
TN:
SF:constants/Colors.ts
FNF:0
FNH:0
DA:2,4
DA:3,4
DA:5,4
LF:3
LH:3
BRF:0
BRH:0
end_of_record
TN:
SF:constants/Size.ts
FN:17,(anonymous_0)
FN:18,(anonymous_1)
FNF:2
FNH:2
FNDA:262,(anonymous_0)
FNDA:102,(anonymous_1)
DA:8,3
DA:9,3
DA:11,3
DA:12,3
DA:16,3
DA:17,262
DA:18,102
LF:7
LH:7
BRF:0
BRH:0
end_of_record
TN:
SF:functions/EmailRegex.tsx
FN:9,(anonymous_0)
FN:10,(anonymous_1)
FNF:2
FNH:2
FNDA:10,(anonymous_0)
FNDA:6,(anonymous_1)
DA:9,1
DA:10,10
DA:11,6
LF:3
LH:3
BRDA:11,0,0,2
BRDA:11,0,1,4
BRF:2
BRH:2
end_of_record
TN:
SF:functions/fetchSchool.tsx
FN:5,(anonymous_0)
FN:25,(anonymous_1)
FNF:2
FNH:0
FNDA:0,(anonymous_0)
FNDA:0,(anonymous_1)
DA:5,2
DA:6,0
DA:7,0
DA:8,0
DA:9,0
DA:10,0
DA:11,0
DA:12,0
DA:13,0
DA:16,0
DA:19,0
DA:20,0
DA:25,2
DA:26,0
DA:27,0
DA:28,0
DA:30,0
DA:31,0
LF:18
LH:2
BRDA:12,0,0,0
BRDA:12,0,1,0
BRF:2
BRH:0
end_of_record
